Build started 11/01/2018 10:46:37.
     1>Project "C:\hlocal\IG-2-Ogre\HolaOGRE\HolaOGRE.vcxproj" on node 2 (Build target(s)).
     1>ClCompile:
         C:\software\programacion\MSVStudio2013\VC\bin\CL.exe /c /Zi /nologo /W3 /WX- /sdl /MP /O2 /Oi /Oy- /D _MBCS /Gm- /EHsc /MD /GS /Gy /fp:precise /Zc:wchar_t /Zc:forScope /Fo"Release\\" /Fd"Release\vc120.pdb" /Gd /TP /analyze- /errorReport:prompt HolaApp.cpp
         HolaApp.cpp
     1>c:\hlocal\ig-2-ogre\holaogre\MyApplicationContext.h(4): warning C4067: unexpected tokens following preprocessor directive - expected a newline
     1>c:\hlocal\ig-2-ogre\ogresdk\include\ogre\rtshadersystem\OgreShaderProgramManager.h(212): warning C4251: 'Ogre::RTShader::ProgramManager::mCpuProgramsList' : class 'std::set<T,P,std::allocator<_Kty>>' needs to have dll-interface to be used by clients of class 'Ogre::RTShader::ProgramManager'
                 with
                 [
                     T=Ogre::RTShader::Program *
         ,            P=std::less<Ogre::RTShader::Program *>
         ,            _Kty=Ogre::RTShader::Program *
                 ]
     1>c:\hlocal\ig-2-ogre\ogresdk\include\ogre\rtshadersystem\OgreShaderProgramManager.h(214): warning C4251: 'Ogre::RTShader::ProgramManager::mProgramWritersMap' : class 'std::map<K,V,P,std::allocator<std::pair<const _Kty,_Ty>>>' needs to have dll-interface to be used by clients of class 'Ogre::RTShader::ProgramManager'
                 with
                 [
                     K=Ogre::String
         ,            V=Ogre::RTShader::ProgramWriter *
         ,            P=std::less<Ogre::String>
         ,            _Kty=Ogre::String
         ,            _Ty=Ogre::RTShader::ProgramWriter *
                 ]
     1>c:\hlocal\ig-2-ogre\ogresdk\include\ogre\rtshadersystem\OgreShaderProgramManager.h(216): warning C4251: 'Ogre::RTShader::ProgramManager::mProgramProcessorsMap' : class 'std::map<K,V,P,std::allocator<std::pair<const _Kty,_Ty>>>' needs to have dll-interface to be used by clients of class 'Ogre::RTShader::ProgramManager'
                 with
                 [
                     K=Ogre::String
         ,            V=Ogre::RTShader::ProgramProcessor *
         ,            P=std::less<Ogre::String>
         ,            _Kty=Ogre::String
         ,            _Ty=Ogre::RTShader::ProgramProcessor *
                 ]
     1>c:\hlocal\ig-2-ogre\ogresdk\include\ogre\rtshadersystem\OgreShaderProgramManager.h(218): warning C4251: 'Ogre::RTShader::ProgramManager::mProgramWriterFactories' : class 'std::vector<T,std::allocator<_Ty>>' needs to have dll-interface to be used by clients of class 'Ogre::RTShader::ProgramManager'
                 with
                 [
                     T=Ogre::RTShader::ProgramWriterFactory *
         ,            _Ty=Ogre::RTShader::ProgramWriterFactory *
                 ]
     1>c:\hlocal\ig-2-ogre\ogresdk\include\ogre\rtshadersystem\OgreShaderProgramManager.h(220): warning C4251: 'Ogre::RTShader::ProgramManager::mVertexShaderMap' : class 'std::map<K,V,P,std::allocator<std::pair<const _Kty,_Ty>>>' needs to have dll-interface to be used by clients of class 'Ogre::RTShader::ProgramManager'
                 with
                 [
                     K=Ogre::String
         ,            V=Ogre::GpuProgramPtr
         ,            P=std::less<Ogre::String>
         ,            _Kty=Ogre::String
         ,            _Ty=Ogre::GpuProgramPtr
                 ]
     1>c:\hlocal\ig-2-ogre\ogresdk\include\ogre\rtshadersystem\OgreShaderProgramManager.h(222): warning C4251: 'Ogre::RTShader::ProgramManager::mFragmentShaderMap' : class 'std::map<K,V,P,std::allocator<std::pair<const _Kty,_Ty>>>' needs to have dll-interface to be used by clients of class 'Ogre::RTShader::ProgramManager'
                 with
                 [
                     K=Ogre::String
         ,            V=Ogre::GpuProgramPtr
         ,            P=std::less<Ogre::String>
         ,            _Kty=Ogre::String
         ,            _Ty=Ogre::GpuProgramPtr
                 ]
     1>c:\hlocal\ig-2-ogre\ogresdk\include\ogre\rtshadersystem\OgreShaderProgramManager.h(224): warning C4251: 'Ogre::RTShader::ProgramManager::mDefaultProgramProcessors' : class 'std::vector<T,std::allocator<_Ty>>' needs to have dll-interface to be used by clients of class 'Ogre::RTShader::ProgramManager'
                 with
                 [
                     T=Ogre::RTShader::ProgramProcessor *
         ,            _Ty=Ogre::RTShader::ProgramProcessor *
                 ]
     1>c:\hlocal\ig-2-ogre\ogresdk\include\ogre\rtshadersystem\OgreShaderProgramManager.h(226): warning C4251: 'Ogre::RTShader::ProgramManager::mProgramSourceToNameMap' : class 'std::map<K,V,P,std::allocator<std::pair<const _Kty,_Ty>>>' needs to have dll-interface to be used by clients of class 'Ogre::RTShader::ProgramManager'
                 with
                 [
                     K=Ogre::String
         ,            V=Ogre::String
         ,            P=std::less<Ogre::String>
         ,            _Kty=Ogre::String
         ,            _Ty=Ogre::String
                 ]
     1>c:\hlocal\ig-2-ogre\ogresdk\include\ogre\rtshadersystem\OgreShaderParameter.h(354): warning C4251: 'Ogre::RTShader::Parameter::mName' : class 'std::basic_string<char,std::char_traits<char>,std::allocator<char>>' needs to have dll-interface to be used by clients of class 'Ogre::RTShader::Parameter'
     1>c:\hlocal\ig-2-ogre\ogresdk\include\ogre\rtshadersystem\OgreShaderSubRenderState.h(151): warning C4251: 'Ogre::RTShader::SubRenderState::mThisAccessor' : class 'std::shared_ptr<Ogre::RTShader::SubRenderStateAccessor>' needs to have dll-interface to be used by clients of class 'Ogre::RTShader::SubRenderState'
     1>c:\hlocal\ig-2-ogre\ogresdk\include\ogre\rtshadersystem\OgreShaderSubRenderState.h(153): warning C4251: 'Ogre::RTShader::SubRenderState::mOtherAccessor' : class 'std::shared_ptr<Ogre::RTShader::SubRenderStateAccessor>' needs to have dll-interface to be used by clients of class 'Ogre::RTShader::SubRenderState'
     1>c:\hlocal\ig-2-ogre\ogresdk\include\ogre\rtshadersystem\OgreShaderSubRenderState.h(208): warning C4251: 'Ogre::RTShader::SubRenderStateAccessor::mSubRenderStateInstancesSet' : class 'std::set<T,P,std::allocator<_Ty>>' needs to have dll-interface to be used by clients of class 'Ogre::RTShader::SubRenderStateAccessor'
                 with
                 [
                     T=Ogre::RTShader::SubRenderState *
         ,            P=std::less<Ogre::RTShader::SubRenderState *>
         ,            _Ty=Ogre::RTShader::SubRenderState *
                 ]
     1>c:\hlocal\ig-2-ogre\ogresdk\include\ogre\rtshadersystem\OgreShaderSubRenderState.h(311): warning C4251: 'Ogre::RTShader::SubRenderStateFactory::mSubRenderStateList' : class 'std::set<T,P,std::allocator<_Ty>>' needs to have dll-interface to be used by clients of class 'Ogre::RTShader::SubRenderStateFactory'
                 with
                 [
                     T=Ogre::RTShader::SubRenderState *
         ,            P=std::less<Ogre::RTShader::SubRenderState *>
         ,            _Ty=Ogre::RTShader::SubRenderState *
                 ]
     1>c:\hlocal\ig-2-ogre\ogresdk\include\ogre\rtshadersystem\OgreShaderRenderState.h(117): warning C4251: 'Ogre::RTShader::RenderState::mSubRenderStateList' : class 'std::vector<T,std::allocator<_Ty>>' needs to have dll-interface to be used by clients of class 'Ogre::RTShader::RenderState'
                 with
                 [
                     T=Ogre::RTShader::SubRenderState *
         ,            _Ty=Ogre::RTShader::SubRenderState *
                 ]
     1>c:\hlocal\ig-2-ogre\ogresdk\include\ogre\rtshadersystem\OgreShaderGenerator.h(498): warning C4251: 'Ogre::RTShader::ShaderGenerator::DEFAULT_SCHEME_NAME' : class 'std::basic_string<char,std::char_traits<char>,std::allocator<char>>' needs to have dll-interface to be used by clients of class 'Ogre::RTShader::ShaderGenerator'
     1>c:\hlocal\ig-2-ogre\ogresdk\include\ogre\rtshadersystem\OgreShaderGenerator.h(585): warning C4251: 'Ogre::RTShader::ShaderGenerator::SGPass::UserKey' : class 'std::basic_string<char,std::char_traits<char>,std::allocator<char>>' needs to have dll-interface to be used by clients of class 'Ogre::RTShader::ShaderGenerator::SGPass'
     1>c:\hlocal\ig-2-ogre\ogresdk\include\ogre\rtshadersystem\OgreShaderGenerator.h(657): warning C4251: 'Ogre::RTShader::ShaderGenerator::SGTechnique::UserKey' : class 'std::basic_string<char,std::char_traits<char>,std::allocator<char>>' needs to have dll-interface to be used by clients of class 'Ogre::RTShader::ShaderGenerator::SGTechnique'
     1>c:\hlocal\ig-2-ogre\ogresdk\include\ogre\rtshadersystem\OgreShaderGenerator.h(680): warning C4251: 'Ogre::RTShader::ShaderGenerator::SGTechnique::mPassEntries' : class 'std::vector<T,std::allocator<_Ty>>' needs to have dll-interface to be used by clients of class 'Ogre::RTShader::ShaderGenerator::SGTechnique'
                 with
                 [
                     T=Ogre::RTShader::ShaderGenerator::SGPass *
         ,            _Ty=Ogre::RTShader::ShaderGenerator::SGPass *
                 ]
     1>c:\hlocal\ig-2-ogre\ogresdk\include\ogre\rtshadersystem\OgreShaderGenerator.h(682): warning C4251: 'Ogre::RTShader::ShaderGenerator::SGTechnique::mCustomRenderStates' : class 'std::vector<T,std::allocator<_Ty>>' needs to have dll-interface to be used by clients of class 'Ogre::RTShader::ShaderGenerator::SGTechnique'
                 with
                 [
                     T=Ogre::RTShader::RenderState *
         ,            _Ty=Ogre::RTShader::RenderState *
                 ]
     1>c:\hlocal\ig-2-ogre\ogresdk\include\ogre\rtshadersystem\OgreShaderGenerator.h(686): warning C4251: 'Ogre::RTShader::ShaderGenerator::SGTechnique::mDstTechniqueSchemeName' : class 'std::basic_string<char,std::char_traits<char>,std::allocator<char>>' needs to have dll-interface to be used by clients of class 'Ogre::RTShader::ShaderGenerator::SGTechnique'
     1>c:\hlocal\ig-2-ogre\ogresdk\include\ogre\rtshadersystem\OgreShaderGenerator.h(715): warning C4251: 'Ogre::RTShader::ShaderGenerator::SGMaterial::mName' : class 'std::basic_string<char,std::char_traits<char>,std::allocator<char>>' needs to have dll-interface to be used by clients of class 'Ogre::RTShader::ShaderGenerator::SGMaterial'
     1>c:\hlocal\ig-2-ogre\ogresdk\include\ogre\rtshadersystem\OgreShaderGenerator.h(717): warning C4251: 'Ogre::RTShader::ShaderGenerator::SGMaterial::mGroup' : class 'std::basic_string<char,std::char_traits<char>,std::allocator<char>>' needs to have dll-interface to be used by clients of class 'Ogre::RTShader::ShaderGenerator::SGMaterial'
     1>c:\hlocal\ig-2-ogre\ogresdk\include\ogre\rtshadersystem\OgreShaderGenerator.h(719): warning C4251: 'Ogre::RTShader::ShaderGenerator::SGMaterial::mTechniqueEntries' : class 'std::vector<T,std::allocator<_Ty>>' needs to have dll-interface to be used by clients of class 'Ogre::RTShader::ShaderGenerator::SGMaterial'
                 with
                 [
                     T=Ogre::RTShader::ShaderGenerator::SGTechnique *
         ,            _Ty=Ogre::RTShader::ShaderGenerator::SGTechnique *
                 ]
     1>c:\hlocal\ig-2-ogre\ogresdk\include\ogre\rtshadersystem\OgreShaderGenerator.h(792): warning C4251: 'Ogre::RTShader::ShaderGenerator::SGScheme::mName' : class 'std::basic_string<char,std::char_traits<char>,std::allocator<char>>' needs to have dll-interface to be used by clients of class 'Ogre::RTShader::ShaderGenerator::SGScheme'
     1>c:\hlocal\ig-2-ogre\ogresdk\include\ogre\rtshadersystem\OgreShaderGenerator.h(794): warning C4251: 'Ogre::RTShader::ShaderGenerator::SGScheme::mTechniqueEntries' : class 'std::vector<T,std::allocator<_Ty>>' needs to have dll-interface to be used by clients of class 'Ogre::RTShader::ShaderGenerator::SGScheme'
                 with
                 [
                     T=Ogre::RTShader::ShaderGenerator::SGTechnique *
         ,            _Ty=Ogre::RTShader::ShaderGenerator::SGTechnique *
                 ]
     1>c:\hlocal\ig-2-ogre\ogresdk\include\ogre\rtshadersystem\OgreShaderGenerator.h(831): warning C4275: non dll-interface class 'Ogre::SceneManager::Listener' used as base for dll-interface class 'Ogre::RTShader::ShaderGenerator::SGSceneManagerListener'
                 c:\hlocal\ig-2-ogre\ogresdk\include\ogre\OgreSceneManager.h(217) : see declaration of 'Ogre::SceneManager::Listener'
                 c:\hlocal\ig-2-ogre\ogresdk\include\ogre\rtshadersystem\OgreShaderGenerator.h(831) : see declaration of 'Ogre::RTShader::ShaderGenerator::SGSceneManagerListener'
     1>c:\hlocal\ig-2-ogre\ogresdk\include\ogre\rtshadersystem\OgreShaderGenerator.h(878): warning C4275: non dll-interface class 'Ogre::ScriptTranslatorManager' used as base for dll-interface class 'Ogre::RTShader::ShaderGenerator::SGScriptTranslatorManager'
                 C:\hlocal\IG-2-Ogre\OGREsdk\include\OGRE\OgreScriptTranslator.h(117) : see declaration of 'Ogre::ScriptTranslatorManager'
                 c:\hlocal\ig-2-ogre\ogresdk\include\ogre\rtshadersystem\OgreShaderGenerator.h(877) : see declaration of 'Ogre::RTShader::ShaderGenerator::SGScriptTranslatorManager'
     1>c:\hlocal\ig-2-ogre\ogresdk\include\ogre\rtshadersystem\OgreShaderGenerator.h(1044): warning C4251: 'Ogre::RTShader::ShaderGenerator::mSceneManagerMap' : class 'std::map<K,V,P,std::allocator<std::pair<const _Kty,_Ty>>>' needs to have dll-interface to be used by clients of class 'Ogre::RTShader::ShaderGenerator'
                 with
                 [
                     K=Ogre::String
         ,            V=Ogre::SceneManager *
         ,            P=std::less<Ogre::String>
         ,            _Kty=Ogre::String
         ,            _Ty=Ogre::SceneManager *
                 ]
     1>c:\hlocal\ig-2-ogre\ogresdk\include\ogre\rtshadersystem\OgreShaderGenerator.h(1056): warning C4251: 'Ogre::RTShader::ShaderGenerator::mScriptTranslatorsMap' : class 'std::map<K,V,P,std::allocator<std::pair<const _Kty,_Ty>>>' needs to have dll-interface to be used by clients of class 'Ogre::RTShader::ShaderGenerator'
                 with
                 [
                     K=Ogre::String
         ,            V=Ogre::ScriptTranslator *
         ,            P=std::less<Ogre::String>
         ,            _Kty=Ogre::String
         ,            _Ty=Ogre::ScriptTranslator *
                 ]
     1>c:\hlocal\ig-2-ogre\ogresdk\include\ogre\rtshadersystem\OgreShaderGenerator.h(1060): warning C4251: 'Ogre::RTShader::ShaderGenerator::mShaderLanguage' : class 'std::basic_string<char,std::char_traits<char>,std::allocator<char>>' needs to have dll-interface to be used by clients of class 'Ogre::RTShader::ShaderGenerator'
     1>c:\hlocal\ig-2-ogre\ogresdk\include\ogre\rtshadersystem\OgreShaderGenerator.h(1064): warning C4251: 'Ogre::RTShader::ShaderGenerator::mVertexShaderProfiles' : class 'std::basic_string<char,std::char_traits<char>,std::allocator<char>>' needs to have dll-interface to be used by clients of class 'Ogre::RTShader::ShaderGenerator'
     1>c:\hlocal\ig-2-ogre\ogresdk\include\ogre\rtshadersystem\OgreShaderGenerator.h(1066): warning C4251: 'Ogre::RTShader::ShaderGenerator::mVertexShaderProfilesList' : class 'std::vector<T,std::allocator<_Ty>>' needs to have dll-interface to be used by clients of class 'Ogre::RTShader::ShaderGenerator'
                 with
                 [
                     T=Ogre::String
         ,            _Ty=Ogre::String
                 ]
     1>c:\hlocal\ig-2-ogre\ogresdk\include\ogre\rtshadersystem\OgreShaderGenerator.h(1068): warning C4251: 'Ogre::RTShader::ShaderGenerator::mFragmentShaderProfiles' : class 'std::basic_string<char,std::char_traits<char>,std::allocator<char>>' needs to have dll-interface to be used by clients of class 'Ogre::RTShader::ShaderGenerator'
     1>c:\hlocal\ig-2-ogre\ogresdk\include\ogre\rtshadersystem\OgreShaderGenerator.h(1070): warning C4251: 'Ogre::RTShader::ShaderGenerator::mFragmentShaderProfilesList' : class 'std::vector<T,std::allocator<_Ty>>' needs to have dll-interface to be used by clients of class 'Ogre::RTShader::ShaderGenerator'
                 with
                 [
                     T=Ogre::String
         ,            _Ty=Ogre::String
                 ]
     1>c:\hlocal\ig-2-ogre\ogresdk\include\ogre\rtshadersystem\OgreShaderGenerator.h(1072): warning C4251: 'Ogre::RTShader::ShaderGenerator::mShaderCachePath' : class 'std::basic_string<char,std::char_traits<char>,std::allocator<char>>' needs to have dll-interface to be used by clients of class 'Ogre::RTShader::ShaderGenerator'
     1>c:\hlocal\ig-2-ogre\ogresdk\include\ogre\rtshadersystem\OgreShaderGenerator.h(1082): warning C4251: 'Ogre::RTShader::ShaderGenerator::mMaterialEntriesMap' : class 'std::map<K,V,P,std::allocator<std::pair<const _Kty,_Ty>>>' needs to have dll-interface to be used by clients of class 'Ogre::RTShader::ShaderGenerator'
                 with
                 [
                     K=Ogre::RTShader::ShaderGenerator::MatGroupPair
         ,            V=Ogre::RTShader::ShaderGenerator::SGMaterial *
         ,            P=Ogre::RTShader::ShaderGenerator::MatGroupPair_less
         ,            _Kty=Ogre::RTShader::ShaderGenerator::MatGroupPair
         ,            _Ty=Ogre::RTShader::ShaderGenerator::SGMaterial *
                 ]
     1>c:\hlocal\ig-2-ogre\ogresdk\include\ogre\rtshadersystem\OgreShaderGenerator.h(1084): warning C4251: 'Ogre::RTShader::ShaderGenerator::mSchemeEntriesMap' : class 'std::map<K,V,P,std::allocator<std::pair<const _Kty,_Ty>>>' needs to have dll-interface to be used by clients of class 'Ogre::RTShader::ShaderGenerator'
                 with
                 [
                     K=Ogre::String
         ,            V=Ogre::RTShader::ShaderGenerator::SGScheme *
         ,            P=std::less<Ogre::String>
         ,            _Kty=Ogre::String
         ,            _Ty=Ogre::RTShader::ShaderGenerator::SGScheme *
                 ]
     1>c:\hlocal\ig-2-ogre\ogresdk\include\ogre\rtshadersystem\OgreShaderGenerator.h(1086): warning C4251: 'Ogre::RTShader::ShaderGenerator::mTechniqueEntriesMap' : class 'std::map<K,V,P,std::allocator<std::pair<const _Kty,_Ty>>>' needs to have dll-interface to be used by clients of class 'Ogre::RTShader::ShaderGenerator'
                 with
                 [
                     K=Ogre::RTShader::ShaderGenerator::SGTechnique *
         ,            V=Ogre::RTShader::ShaderGenerator::SGTechnique *
         ,            P=std::less<Ogre::RTShader::ShaderGenerator::SGTechnique *>
         ,            _Kty=Ogre::RTShader::ShaderGenerator::SGTechnique *
         ,            _Ty=Ogre::RTShader::ShaderGenerator::SGTechnique *
                 ]
     1>c:\hlocal\ig-2-ogre\ogresdk\include\ogre\rtshadersystem\OgreShaderGenerator.h(1088): warning C4251: 'Ogre::RTShader::ShaderGenerator::mSubRenderStateFactories' : class 'std::map<K,V,P,std::allocator<std::pair<const _Kty,_Ty>>>' needs to have dll-interface to be used by clients of class 'Ogre::RTShader::ShaderGenerator'
                 with
                 [
                     K=Ogre::String
         ,            V=Ogre::RTShader::SubRenderStateFactory *
         ,            P=std::less<Ogre::String>
         ,            _Kty=Ogre::String
         ,            _Ty=Ogre::RTShader::SubRenderStateFactory *
                 ]
     1>c:\hlocal\ig-2-ogre\ogresdk\include\ogre\rtshadersystem\OgreShaderGenerator.h(1090): warning C4251: 'Ogre::RTShader::ShaderGenerator::mSubRenderStateExFactories' : class 'std::map<K,V,P,std::allocator<std::pair<const _Kty,_Ty>>>' needs to have dll-interface to be used by clients of class 'Ogre::RTShader::ShaderGenerator'
                 with
                 [
                     K=Ogre::String
         ,            V=Ogre::RTShader::SubRenderStateFactory *
         ,            P=std::less<Ogre::String>
         ,            _Kty=Ogre::String
         ,            _Ty=Ogre::RTShader::SubRenderStateFactory *
                 ]
     1>c:\hlocal\ig-2-ogre\ogresdk\include\ogre\rtshadersystem\OgreShaderFFPTransform.h(75): warning C4251: 'Ogre::RTShader::FFPTransform::Type' : class 'std::basic_string<char,std::char_traits<char>,std::allocator<char>>' needs to have dll-interface to be used by clients of class 'Ogre::RTShader::FFPTransform'
     1>c:\hlocal\ig-2-ogre\ogresdk\include\ogre\rtshadersystem\OgreShaderFFPColour.h(116): warning C4251: 'Ogre::RTShader::FFPColour::Type' : class 'std::basic_string<char,std::char_traits<char>,std::allocator<char>>' needs to have dll-interface to be used by clients of class 'Ogre::RTShader::FFPColour'
     1>c:\hlocal\ig-2-ogre\ogresdk\include\ogre\rtshadersystem\OgreShaderFFPColour.h(127): warning C4251: 'Ogre::RTShader::FFPColour::mVSInputDiffuse' : class 'std::shared_ptr<Ogre::RTShader::Parameter>' needs to have dll-interface to be used by clients of class 'Ogre::RTShader::FFPColour'
     1>c:\hlocal\ig-2-ogre\ogresdk\include\ogre\rtshadersystem\OgreShaderFFPColour.h(129): warning C4251: 'Ogre::RTShader::FFPColour::mVSInputSpecular' : class 'std::shared_ptr<Ogre::RTShader::Parameter>' needs to have dll-interface to be used by clients of class 'Ogre::RTShader::FFPColour'
     1>c:\hlocal\ig-2-ogre\ogresdk\include\ogre\rtshadersystem\OgreShaderFFPColour.h(131): warning C4251: 'Ogre::RTShader::FFPColour::mVSOutputDiffuse' : class 'std::shared_ptr<Ogre::RTShader::Parameter>' needs to have dll-interface to be used by clients of class 'Ogre::RTShader::FFPColour'
     1>c:\hlocal\ig-2-ogre\ogresdk\include\ogre\rtshadersystem\OgreShaderFFPColour.h(133): warning C4251: 'Ogre::RTShader::FFPColour::mVSOutputSpecular' : class 'std::shared_ptr<Ogre::RTShader::Parameter>' needs to have dll-interface to be used by clients of class 'Ogre::RTShader::FFPColour'
     1>c:\hlocal\ig-2-ogre\ogresdk\include\ogre\rtshadersystem\OgreShaderFFPColour.h(135): warning C4251: 'Ogre::RTShader::FFPColour::mPSInputDiffuse' : class 'std::shared_ptr<Ogre::RTShader::Parameter>' needs to have dll-interface to be used by clients of class 'Ogre::RTShader::FFPColour'
     1>c:\hlocal\ig-2-ogre\ogresdk\include\ogre\rtshadersystem\OgreShaderFFPColour.h(137): warning C4251: 'Ogre::RTShader::FFPColour::mPSInputSpecular' : class 'std::shared_ptr<Ogre::RTShader::Parameter>' needs to have dll-interface to be used by clients of class 'Ogre::RTShader::FFPColour'
     1>c:\hlocal\ig-2-ogre\ogresdk\include\ogre\rtshadersystem\OgreShaderFFPColour.h(139): warning C4251: 'Ogre::RTShader::FFPColour::mPSOutputDiffuse' : class 'std::shared_ptr<Ogre::RTShader::Parameter>' needs to have dll-interface to be used by clients of class 'Ogre::RTShader::FFPColour'
     1>c:\hlocal\ig-2-ogre\ogresdk\include\ogre\rtshadersystem\OgreShaderFFPColour.h(141): warning C4251: 'Ogre::RTShader::FFPColour::mPSOutputSpecular' : class 'std::shared_ptr<Ogre::RTShader::Parameter>' needs to have dll-interface to be used by clients of class 'Ogre::RTShader::FFPColour'
     1>c:\hlocal\ig-2-ogre\ogresdk\include\ogre\rtshadersystem\OgreShaderFFPLighting.h(86): warning C4251: 'Ogre::RTShader::FFPLighting::Type' : class 'std::basic_string<char,std::char_traits<char>,std::allocator<char>>' needs to have dll-interface to be used by clients of class 'Ogre::RTShader::FFPLighting'
     1>c:\hlocal\ig-2-ogre\ogresdk\include\ogre\rtshadersystem\OgreShaderFFPLighting.h(96): warning C4251: 'Ogre::RTShader::FFPLighting::LightParams::mPosition' : class 'std::shared_ptr<Ogre::RTShader::UniformParameter>' needs to have dll-interface to be used by clients of struct 'Ogre::RTShader::FFPLighting::LightParams'
     1>c:\hlocal\ig-2-ogre\ogresdk\include\ogre\rtshadersystem\OgreShaderFFPLighting.h(98): warning C4251: 'Ogre::RTShader::FFPLighting::LightParams::mDirection' : class 'std::shared_ptr<Ogre::RTShader::UniformParameter>' needs to have dll-interface to be used by clients of struct 'Ogre::RTShader::FFPLighting::LightParams'
     1>c:\hlocal\ig-2-ogre\ogresdk\include\ogre\rtshadersystem\OgreShaderFFPLighting.h(100): warning C4251: 'Ogre::RTShader::FFPLighting::LightParams::mAttenuatParams' : class 'std::shared_ptr<Ogre::RTShader::UniformParameter>' needs to have dll-interface to be used by clients of struct 'Ogre::RTShader::FFPLighting::LightParams'
     1>c:\hlocal\ig-2-ogre\ogresdk\include\ogre\rtshadersystem\OgreShaderFFPLighting.h(102): warning C4251: 'Ogre::RTShader::FFPLighting::LightParams::mSpotParams' : class 'std::shared_ptr<Ogre::RTShader::UniformParameter>' needs to have dll-interface to be used by clients of struct 'Ogre::RTShader::FFPLighting::LightParams'
     1>c:\hlocal\ig-2-ogre\ogresdk\include\ogre\rtshadersystem\OgreShaderFFPLighting.h(104): warning C4251: 'Ogre::RTShader::FFPLighting::LightParams::mDiffuseColour' : class 'std::shared_ptr<Ogre::RTShader::UniformParameter>' needs to have dll-interface to be used by clients of struct 'Ogre::RTShader::FFPLighting::LightParams'
     1>c:\hlocal\ig-2-ogre\ogresdk\include\ogre\rtshadersystem\OgreShaderFFPLighting.h(106): warning C4251: 'Ogre::RTShader::FFPLighting::LightParams::mSpecularColour' : class 'std::shared_ptr<Ogre::RTShader::UniformParameter>' needs to have dll-interface to be used by clients of struct 'Ogre::RTShader::FFPLighting::LightParams'
     1>c:\hlocal\ig-2-ogre\ogresdk\include\ogre\rtshadersystem\OgreShaderFFPLighting.h(186): warning C4251: 'Ogre::RTShader::FFPLighting::mLightParamsList' : class 'std::vector<T,std::allocator<_Ty>>' needs to have dll-interface to be used by clients of class 'Ogre::RTShader::FFPLighting'
                 with
                 [
                     T=Ogre::RTShader::FFPLighting::LightParams
         ,            _Ty=Ogre::RTShader::FFPLighting::LightParams
                 ]
     1>c:\hlocal\ig-2-ogre\ogresdk\include\ogre\rtshadersystem\OgreShaderFFPLighting.h(188): warning C4251: 'Ogre::RTShader::FFPLighting::mWorldViewMatrix' : class 'std::shared_ptr<Ogre::RTShader::UniformParameter>' needs to have dll-interface to be used by clients of class 'Ogre::RTShader::FFPLighting'
     1>c:\hlocal\ig-2-ogre\ogresdk\include\ogre\rtshadersystem\OgreShaderFFPLighting.h(190): warning C4251: 'Ogre::RTShader::FFPLighting::mWorldViewITMatrix' : class 'std::shared_ptr<Ogre::RTShader::UniformParameter>' needs to have dll-interface to be used by clients of class 'Ogre::RTShader::FFPLighting'
     1>c:\hlocal\ig-2-ogre\ogresdk\include\ogre\rtshadersystem\OgreShaderFFPLighting.h(192): warning C4251: 'Ogre::RTShader::FFPLighting::mVSInPosition' : class 'std::shared_ptr<Ogre::RTShader::Parameter>' needs to have dll-interface to be used by clients of class 'Ogre::RTShader::FFPLighting'
     1>c:\hlocal\ig-2-ogre\ogresdk\include\ogre\rtshadersystem\OgreShaderFFPLighting.h(194): warning C4251: 'Ogre::RTShader::FFPLighting::mVSInNormal' : class 'std::shared_ptr<Ogre::RTShader::Parameter>' needs to have dll-interface to be used by clients of class 'Ogre::RTShader::FFPLighting'
     1>c:\hlocal\ig-2-ogre\ogresdk\include\ogre\rtshadersystem\OgreShaderFFPLighting.h(196): warning C4251: 'Ogre::RTShader::FFPLighting::mVSDiffuse' : class 'std::shared_ptr<Ogre::RTShader::Parameter>' needs to have dll-interface to be used by clients of class 'Ogre::RTShader::FFPLighting'
     1>c:\hlocal\ig-2-ogre\ogresdk\include\ogre\rtshadersystem\OgreShaderFFPLighting.h(198): warning C4251: 'Ogre::RTShader::FFPLighting::mVSOutDiffuse' : class 'std::shared_ptr<Ogre::RTShader::Parameter>' needs to have dll-interface to be used by clients of class 'Ogre::RTShader::FFPLighting'
     1>c:\hlocal\ig-2-ogre\ogresdk\include\ogre\rtshadersystem\OgreShaderFFPLighting.h(200): warning C4251: 'Ogre::RTShader::FFPLighting::mVSOutSpecular' : class 'std::shared_ptr<Ogre::RTShader::Parameter>' needs to have dll-interface to be used by clients of class 'Ogre::RTShader::FFPLighting'
     1>c:\hlocal\ig-2-ogre\ogresdk\include\ogre\rtshadersystem\OgreShaderFFPLighting.h(202): warning C4251: 'Ogre::RTShader::FFPLighting::mDerivedSceneColour' : class 'std::shared_ptr<Ogre::RTShader::UniformParameter>' needs to have dll-interface to be used by clients of class 'Ogre::RTShader::FFPLighting'
     1>c:\hlocal\ig-2-ogre\ogresdk\include\ogre\rtshadersystem\OgreShaderFFPLighting.h(204): warning C4251: 'Ogre::RTShader::FFPLighting::mLightAmbientColour' : class 'std::shared_ptr<Ogre::RTShader::UniformParameter>' needs to have dll-interface to be used by clients of class 'Ogre::RTShader::FFPLighting'
     1>c:\hlocal\ig-2-ogre\ogresdk\include\ogre\rtshadersystem\OgreShaderFFPLighting.h(206): warning C4251: 'Ogre::RTShader::FFPLighting::mDerivedAmbientLightColour' : class 'std::shared_ptr<Ogre::RTShader::UniformParameter>' needs to have dll-interface to be used by clients of class 'Ogre::RTShader::FFPLighting'
     1>c:\hlocal\ig-2-ogre\ogresdk\include\ogre\rtshadersystem\OgreShaderFFPLighting.h(208): warning C4251: 'Ogre::RTShader::FFPLighting::mSurfaceAmbientColour' : class 'std::shared_ptr<Ogre::RTShader::UniformParameter>' needs to have dll-interface to be used by clients of class 'Ogre::RTShader::FFPLighting'
     1>c:\hlocal\ig-2-ogre\ogresdk\include\ogre\rtshadersystem\OgreShaderFFPLighting.h(210): warning C4251: 'Ogre::RTShader::FFPLighting::mSurfaceDiffuseColour' : class 'std::shared_ptr<Ogre::RTShader::UniformParameter>' needs to have dll-interface to be used by clients of class 'Ogre::RTShader::FFPLighting'
     1>c:\hlocal\ig-2-ogre\ogresdk\include\ogre\rtshadersystem\OgreShaderFFPLighting.h(212): warning C4251: 'Ogre::RTShader::FFPLighting::mSurfaceSpecularColour' : class 'std::shared_ptr<Ogre::RTShader::UniformParameter>' needs to have dll-interface to be used by clients of class 'Ogre::RTShader::FFPLighting'
     1>c:\hlocal\ig-2-ogre\ogresdk\include\ogre\rtshadersystem\OgreShaderFFPLighting.h(214): warning C4251: 'Ogre::RTShader::FFPLighting::mSurfaceEmissiveColour' : class 'std::shared_ptr<Ogre::RTShader::UniformParameter>' needs to have dll-interface to be used by clients of class 'Ogre::RTShader::FFPLighting'
     1>c:\hlocal\ig-2-ogre\ogresdk\include\ogre\rtshadersystem\OgreShaderFFPLighting.h(216): warning C4251: 'Ogre::RTShader::FFPLighting::mSurfaceShininess' : class 'std::shared_ptr<Ogre::RTShader::UniformParameter>' needs to have dll-interface to be used by clients of class 'Ogre::RTShader::FFPLighting'
     1>c:\hlocal\ig-2-ogre\ogresdk\include\ogre\rtshadersystem\OgreShaderFFPTexturing.h(95): warning C4251: 'Ogre::RTShader::FFPTexturing::Type' : class 'std::basic_string<char,std::char_traits<char>,std::allocator<char>>' needs to have dll-interface to be used by clients of class 'Ogre::RTShader::FFPTexturing'
     1>c:\hlocal\ig-2-ogre\ogresdk\include\ogre\rtshadersystem\OgreShaderFFPTexturing.h(118): warning C4251: 'Ogre::RTShader::FFPTexturing::TextureUnitParams::mTextureMatrix' : class 'std::shared_ptr<Ogre::RTShader::UniformParameter>' needs to have dll-interface to be used by clients of struct 'Ogre::RTShader::FFPTexturing::TextureUnitParams'
     1>c:\hlocal\ig-2-ogre\ogresdk\include\ogre\rtshadersystem\OgreShaderFFPTexturing.h(120): warning C4251: 'Ogre::RTShader::FFPTexturing::TextureUnitParams::mTextureViewProjImageMatrix' : class 'std::shared_ptr<Ogre::RTShader::UniformParameter>' needs to have dll-interface to be used by clients of struct 'Ogre::RTShader::FFPTexturing::TextureUnitParams'
     1>c:\hlocal\ig-2-ogre\ogresdk\include\ogre\rtshadersystem\OgreShaderFFPTexturing.h(122): warning C4251: 'Ogre::RTShader::FFPTexturing::TextureUnitParams::mTextureSampler' : class 'std::shared_ptr<Ogre::RTShader::UniformParameter>' needs to have dll-interface to be used by clients of struct 'Ogre::RTShader::FFPTexturing::TextureUnitParams'
     1>c:\hlocal\ig-2-ogre\ogresdk\include\ogre\rtshadersystem\OgreShaderFFPTexturing.h(124): warning C4251: 'Ogre::RTShader::FFPTexturing::TextureUnitParams::mTextureSamplerState' : class 'std::shared_ptr<Ogre::RTShader::UniformParameter>' needs to have dll-interface to be used by clients of struct 'Ogre::RTShader::FFPTexturing::TextureUnitParams'
     1>c:\hlocal\ig-2-ogre\ogresdk\include\ogre\rtshadersystem\OgreShaderFFPTexturing.h(126): warning C4251: 'Ogre::RTShader::FFPTexturing::TextureUnitParams::mVSInputTexCoord' : class 'std::shared_ptr<Ogre::RTShader::Parameter>' needs to have dll-interface to be used by clients of struct 'Ogre::RTShader::FFPTexturing::TextureUnitParams'
     1>c:\hlocal\ig-2-ogre\ogresdk\include\ogre\rtshadersystem\OgreShaderFFPTexturing.h(128): warning C4251: 'Ogre::RTShader::FFPTexturing::TextureUnitParams::mVSOutputTexCoord' : class 'std::shared_ptr<Ogre::RTShader::Parameter>' needs to have dll-interface to be used by clients of struct 'Ogre::RTShader::FFPTexturing::TextureUnitParams'
     1>c:\hlocal\ig-2-ogre\ogresdk\include\ogre\rtshadersystem\OgreShaderFFPTexturing.h(130): warning C4251: 'Ogre::RTShader::FFPTexturing::TextureUnitParams::mPSInputTexCoord' : class 'std::shared_ptr<Ogre::RTShader::Parameter>' needs to have dll-interface to be used by clients of struct 'Ogre::RTShader::FFPTexturing::TextureUnitParams'
     1>c:\hlocal\ig-2-ogre\ogresdk\include\ogre\rtshadersystem\OgreShaderFFPTexturing.h(227): warning C4251: 'Ogre::RTShader::FFPTexturing::mTextureUnitParamsList' : class 'std::vector<T,std::allocator<_Ty>>' needs to have dll-interface to be used by clients of class 'Ogre::RTShader::FFPTexturing'
                 with
                 [
                     T=Ogre::RTShader::FFPTexturing::TextureUnitParams
         ,            _Ty=Ogre::RTShader::FFPTexturing::TextureUnitParams
                 ]
     1>c:\hlocal\ig-2-ogre\ogresdk\include\ogre\rtshadersystem\OgreShaderFFPTexturing.h(229): warning C4251: 'Ogre::RTShader::FFPTexturing::mWorldMatrix' : class 'std::shared_ptr<Ogre::RTShader::UniformParameter>' needs to have dll-interface to be used by clients of class 'Ogre::RTShader::FFPTexturing'
     1>c:\hlocal\ig-2-ogre\ogresdk\include\ogre\rtshadersystem\OgreShaderFFPTexturing.h(231): warning C4251: 'Ogre::RTShader::FFPTexturing::mWorldITMatrix' : class 'std::shared_ptr<Ogre::RTShader::UniformParameter>' needs to have dll-interface to be used by clients of class 'Ogre::RTShader::FFPTexturing'
     1>c:\hlocal\ig-2-ogre\ogresdk\include\ogre\rtshadersystem\OgreShaderFFPTexturing.h(233): warning C4251: 'Ogre::RTShader::FFPTexturing::mViewMatrix' : class 'std::shared_ptr<Ogre::RTShader::UniformParameter>' needs to have dll-interface to be used by clients of class 'Ogre::RTShader::FFPTexturing'
     1>c:\hlocal\ig-2-ogre\ogresdk\include\ogre\rtshadersystem\OgreShaderFFPTexturing.h(235): warning C4251: 'Ogre::RTShader::FFPTexturing::mVSInputNormal' : class 'std::shared_ptr<Ogre::RTShader::Parameter>' needs to have dll-interface to be used by clients of class 'Ogre::RTShader::FFPTexturing'
     1>c:\hlocal\ig-2-ogre\ogresdk\include\ogre\rtshadersystem\OgreShaderFFPTexturing.h(237): warning C4251: 'Ogre::RTShader::FFPTexturing::mVSInputPos' : class 'std::shared_ptr<Ogre::RTShader::Parameter>' needs to have dll-interface to be used by clients of class 'Ogre::RTShader::FFPTexturing'
     1>c:\hlocal\ig-2-ogre\ogresdk\include\ogre\rtshadersystem\OgreShaderFFPTexturing.h(239): warning C4251: 'Ogre::RTShader::FFPTexturing::mPSOutDiffuse' : class 'std::shared_ptr<Ogre::RTShader::Parameter>' needs to have dll-interface to be used by clients of class 'Ogre::RTShader::FFPTexturing'
     1>c:\hlocal\ig-2-ogre\ogresdk\include\ogre\rtshadersystem\OgreShaderFFPTexturing.h(241): warning C4251: 'Ogre::RTShader::FFPTexturing::mPSDiffuse' : class 'std::shared_ptr<Ogre::RTShader::Parameter>' needs to have dll-interface to be used by clients of class 'Ogre::RTShader::FFPTexturing'
     1>c:\hlocal\ig-2-ogre\ogresdk\include\ogre\rtshadersystem\OgreShaderFFPTexturing.h(243): warning C4251: 'Ogre::RTShader::FFPTexturing::mPSSpecular' : class 'std::shared_ptr<Ogre::RTShader::Parameter>' needs to have dll-interface to be used by clients of class 'Ogre::RTShader::FFPTexturing'
     1>c:\hlocal\ig-2-ogre\ogresdk\include\ogre\rtshadersystem\OgreShaderFFPFog.h(117): warning C4251: 'Ogre::RTShader::FFPFog::Type' : class 'std::basic_string<char,std::char_traits<char>,std::allocator<char>>' needs to have dll-interface to be used by clients of class 'Ogre::RTShader::FFPFog'
     1>c:\hlocal\ig-2-ogre\ogresdk\include\ogre\rtshadersystem\OgreShaderFFPFog.h(151): warning C4251: 'Ogre::RTShader::FFPFog::mWorldViewProjMatrix' : class 'std::shared_ptr<Ogre::RTShader::UniformParameter>' needs to have dll-interface to be used by clients of class 'Ogre::RTShader::FFPFog'
     1>c:\hlocal\ig-2-ogre\ogresdk\include\ogre\rtshadersystem\OgreShaderFFPFog.h(153): warning C4251: 'Ogre::RTShader::FFPFog::mFogColour' : class 'std::shared_ptr<Ogre::RTShader::UniformParameter>' needs to have dll-interface to be used by clients of class 'Ogre::RTShader::FFPFog'
     1>c:\hlocal\ig-2-ogre\ogresdk\include\ogre\rtshadersystem\OgreShaderFFPFog.h(155): warning C4251: 'Ogre::RTShader::FFPFog::mFogParams' : class 'std::shared_ptr<Ogre::RTShader::UniformParameter>' needs to have dll-interface to be used by clients of class 'Ogre::RTShader::FFPFog'
     1>c:\hlocal\ig-2-ogre\ogresdk\include\ogre\rtshadersystem\OgreShaderFFPFog.h(157): warning C4251: 'Ogre::RTShader::FFPFog::mVSInPos' : class 'std::shared_ptr<Ogre::RTShader::Parameter>' needs to have dll-interface to be used by clients of class 'Ogre::RTShader::FFPFog'
     1>c:\hlocal\ig-2-ogre\ogresdk\include\ogre\rtshadersystem\OgreShaderFFPFog.h(159): warning C4251: 'Ogre::RTShader::FFPFog::mVSOutFogFactor' : class 'std::shared_ptr<Ogre::RTShader::Parameter>' needs to have dll-interface to be used by clients of class 'Ogre::RTShader::FFPFog'
     1>c:\hlocal\ig-2-ogre\ogresdk\include\ogre\rtshadersystem\OgreShaderFFPFog.h(161): warning C4251: 'Ogre::RTShader::FFPFog::mPSInFogFactor' : class 'std::shared_ptr<Ogre::RTShader::Parameter>' needs to have dll-interface to be used by clients of class 'Ogre::RTShader::FFPFog'
     1>c:\hlocal\ig-2-ogre\ogresdk\include\ogre\rtshadersystem\OgreShaderFFPFog.h(163): warning C4251: 'Ogre::RTShader::FFPFog::mVSOutDepth' : class 'std::shared_ptr<Ogre::RTShader::Parameter>' needs to have dll-interface to be used by clients of class 'Ogre::RTShader::FFPFog'
     1>c:\hlocal\ig-2-ogre\ogresdk\include\ogre\rtshadersystem\OgreShaderFFPFog.h(165): warning C4251: 'Ogre::RTShader::FFPFog::mPSInDepth' : class 'std::shared_ptr<Ogre::RTShader::Parameter>' needs to have dll-interface to be used by clients of class 'Ogre::RTShader::FFPFog'
     1>c:\hlocal\ig-2-ogre\ogresdk\include\ogre\rtshadersystem\OgreShaderFFPFog.h(167): warning C4251: 'Ogre::RTShader::FFPFog::mPSOutDiffuse' : class 'std::shared_ptr<Ogre::RTShader::Parameter>' needs to have dll-interface to be used by clients of class 'Ogre::RTShader::FFPFog'
     1>c:\hlocal\ig-2-ogre\ogresdk\include\ogre\rtshadersystem\OgreShaderExPerPixelLighting.h(95): warning C4251: 'Ogre::RTShader::PerPixelLighting::Type' : class 'std::basic_string<char,std::char_traits<char>,std::allocator<char>>' needs to have dll-interface to be used by clients of class 'Ogre::RTShader::PerPixelLighting'
     1>c:\hlocal\ig-2-ogre\ogresdk\include\ogre\rtshadersystem\OgreShaderExPerPixelLighting.h(105): warning C4251: 'Ogre::RTShader::PerPixelLighting::LightParams::mPosition' : class 'std::shared_ptr<Ogre::RTShader::UniformParameter>' needs to have dll-interface to be used by clients of struct 'Ogre::RTShader::PerPixelLighting::LightParams'
     1>c:\hlocal\ig-2-ogre\ogresdk\include\ogre\rtshadersystem\OgreShaderExPerPixelLighting.h(107): warning C4251: 'Ogre::RTShader::PerPixelLighting::LightParams::mDirection' : class 'std::shared_ptr<Ogre::RTShader::UniformParameter>' needs to have dll-interface to be used by clients of struct 'Ogre::RTShader::PerPixelLighting::LightParams'
     1>c:\hlocal\ig-2-ogre\ogresdk\include\ogre\rtshadersystem\OgreShaderExPerPixelLighting.h(109): warning C4251: 'Ogre::RTShader::PerPixelLighting::LightParams::mAttenuatParams' : class 'std::shared_ptr<Ogre::RTShader::UniformParameter>' needs to have dll-interface to be used by clients of struct 'Ogre::RTShader::PerPixelLighting::LightParams'
     1>c:\hlocal\ig-2-ogre\ogresdk\include\ogre\rtshadersystem\OgreShaderExPerPixelLighting.h(111): warning C4251: 'Ogre::RTShader::PerPixelLighting::LightParams::mSpotParams' : class 'std::shared_ptr<Ogre::RTShader::UniformParameter>' needs to have dll-interface to be used by clients of struct 'Ogre::RTShader::PerPixelLighting::LightParams'
     1>c:\hlocal\ig-2-ogre\ogresdk\include\ogre\rtshadersystem\OgreShaderExPerPixelLighting.h(113): warning C4251: 'Ogre::RTShader::PerPixelLighting::LightParams::mDiffuseColour' : class 'std::shared_ptr<Ogre::RTShader::UniformParameter>' needs to have dll-interface to be used by clients of struct 'Ogre::RTShader::PerPixelLighting::LightParams'
     1>c:\hlocal\ig-2-ogre\ogresdk\include\ogre\rtshadersystem\OgreShaderExPerPixelLighting.h(115): warning C4251: 'Ogre::RTShader::PerPixelLighting::LightParams::mSpecularColour' : class 'std::shared_ptr<Ogre::RTShader::UniformParameter>' needs to have dll-interface to be used by clients of struct 'Ogre::RTShader::PerPixelLighting::LightParams'
     1>c:\hlocal\ig-2-ogre\ogresdk\include\ogre\rtshadersystem\OgreShaderExPerPixelLighting.h(214): warning C4251: 'Ogre::RTShader::PerPixelLighting::mLightParamsList' : class 'std::vector<T,std::allocator<_Ty>>' needs to have dll-interface to be used by clients of class 'Ogre::RTShader::PerPixelLighting'
                 with
                 [
                     T=Ogre::RTShader::PerPixelLighting::LightParams
         ,            _Ty=Ogre::RTShader::PerPixelLighting::LightParams
                 ]
     1>c:\hlocal\ig-2-ogre\ogresdk\include\ogre\rtshadersystem\OgreShaderExPerPixelLighting.h(216): warning C4251: 'Ogre::RTShader::PerPixelLighting::mWorldViewMatrix' : class 'std::shared_ptr<Ogre::RTShader::UniformParameter>' needs to have dll-interface to be used by clients of class 'Ogre::RTShader::PerPixelLighting'
     1>c:\hlocal\ig-2-ogre\ogresdk\include\ogre\rtshadersystem\OgreShaderExPerPixelLighting.h(218): warning C4251: 'Ogre::RTShader::PerPixelLighting::mWorldViewITMatrix' : class 'std::shared_ptr<Ogre::RTShader::UniformParameter>' needs to have dll-interface to be used by clients of class 'Ogre::RTShader::PerPixelLighting'
     1>c:\hlocal\ig-2-ogre\ogresdk\include\ogre\rtshadersystem\OgreShaderExPerPixelLighting.h(220): warning C4251: 'Ogre::RTShader::PerPixelLighting::mVSInPosition' : class 'std::shared_ptr<Ogre::RTShader::Parameter>' needs to have dll-interface to be used by clients of class 'Ogre::RTShader::PerPixelLighting'
     1>c:\hlocal\ig-2-ogre\ogresdk\include\ogre\rtshadersystem\OgreShaderExPerPixelLighting.h(222): warning C4251: 'Ogre::RTShader::PerPixelLighting::mVSOutViewPos' : class 'std::shared_ptr<Ogre::RTShader::Parameter>' needs to have dll-interface to be used by clients of class 'Ogre::RTShader::PerPixelLighting'
     1>c:\hlocal\ig-2-ogre\ogresdk\include\ogre\rtshadersystem\OgreShaderExPerPixelLighting.h(224): warning C4251: 'Ogre::RTShader::PerPixelLighting::mPSInViewPos' : class 'std::shared_ptr<Ogre::RTShader::Parameter>' needs to have dll-interface to be used by clients of class 'Ogre::RTShader::PerPixelLighting'
     1>c:\hlocal\ig-2-ogre\ogresdk\include\ogre\rtshadersystem\OgreShaderExPerPixelLighting.h(226): warning C4251: 'Ogre::RTShader::PerPixelLighting::mVSInNormal' : class 'std::shared_ptr<Ogre::RTShader::Parameter>' needs to have dll-interface to be used by clients of class 'Ogre::RTShader::PerPixelLighting'
     1>c:\hlocal\ig-2-ogre\ogresdk\include\ogre\rtshadersystem\OgreShaderExPerPixelLighting.h(228): warning C4251: 'Ogre::RTShader::PerPixelLighting::mVSOutNormal' : class 'std::shared_ptr<Ogre::RTShader::Parameter>' needs to have dll-interface to be used by clients of class 'Ogre::RTShader::PerPixelLighting'
     1>c:\hlocal\ig-2-ogre\ogresdk\include\ogre\rtshadersystem\OgreShaderExPerPixelLighting.h(230): warning C4251: 'Ogre::RTShader::PerPixelLighting::mPSInNormal' : class 'std::shared_ptr<Ogre::RTShader::Parameter>' needs to have dll-interface to be used by clients of class 'Ogre::RTShader::PerPixelLighting'
     1>c:\hlocal\ig-2-ogre\ogresdk\include\ogre\rtshadersystem\OgreShaderExPerPixelLighting.h(232): warning C4251: 'Ogre::RTShader::PerPixelLighting::mPSTempDiffuseColour' : class 'std::shared_ptr<Ogre::RTShader::Parameter>' needs to have dll-interface to be used by clients of class 'Ogre::RTShader::PerPixelLighting'
     1>c:\hlocal\ig-2-ogre\ogresdk\include\ogre\rtshadersystem\OgreShaderExPerPixelLighting.h(234): warning C4251: 'Ogre::RTShader::PerPixelLighting::mPSTempSpecularColour' : class 'std::shared_ptr<Ogre::RTShader::Parameter>' needs to have dll-interface to be used by clients of class 'Ogre::RTShader::PerPixelLighting'
     1>c:\hlocal\ig-2-ogre\ogresdk\include\ogre\rtshadersystem\OgreShaderExPerPixelLighting.h(236): warning C4251: 'Ogre::RTShader::PerPixelLighting::mPSDiffuse' : class 'std::shared_ptr<Ogre::RTShader::Parameter>' needs to have dll-interface to be used by clients of class 'Ogre::RTShader::PerPixelLighting'
     1>c:\hlocal\ig-2-ogre\ogresdk\include\ogre\rtshadersystem\OgreShaderExPerPixelLighting.h(238): warning C4251: 'Ogre::RTShader::PerPixelLighting::mPSSpecular' : class 'std::shared_ptr<Ogre::RTShader::Parameter>' needs to have dll-interface to be used by clients of class 'Ogre::RTShader::PerPixelLighting'
     1>c:\hlocal\ig-2-ogre\ogresdk\include\ogre\rtshadersystem\OgreShaderExPerPixelLighting.h(240): warning C4251: 'Ogre::RTShader::PerPixelLighting::mPSOutDiffuse' : class 'std::shared_ptr<Ogre::RTShader::Parameter>' needs to have dll-interface to be used by clients of class 'Ogre::RTShader::PerPixelLighting'
     1>c:\hlocal\ig-2-ogre\ogresdk\include\ogre\rtshadersystem\OgreShaderExPerPixelLighting.h(242): warning C4251: 'Ogre::RTShader::PerPixelLighting::mPSOutSpecular' : class 'std::shared_ptr<Ogre::RTShader::Parameter>' needs to have dll-interface to be used by clients of class 'Ogre::RTShader::PerPixelLighting'
     1>c:\hlocal\ig-2-ogre\ogresdk\include\ogre\rtshadersystem\OgreShaderExPerPixelLighting.h(244): warning C4251: 'Ogre::RTShader::PerPixelLighting::mDerivedSceneColour' : class 'std::shared_ptr<Ogre::RTShader::UniformParameter>' needs to have dll-interface to be used by clients of class 'Ogre::RTShader::PerPixelLighting'
     1>c:\hlocal\ig-2-ogre\ogresdk\include\ogre\rtshadersystem\OgreShaderExPerPixelLighting.h(246): warning C4251: 'Ogre::RTShader::PerPixelLighting::mLightAmbientColour' : class 'std::shared_ptr<Ogre::RTShader::UniformParameter>' needs to have dll-interface to be used by clients of class 'Ogre::RTShader::PerPixelLighting'
     1>c:\hlocal\ig-2-ogre\ogresdk\include\ogre\rtshadersystem\OgreShaderExPerPixelLighting.h(248): warning C4251: 'Ogre::RTShader::PerPixelLighting::mDerivedAmbientLightColour' : class 'std::shared_ptr<Ogre::RTShader::UniformParameter>' needs to have dll-interface to be used by clients of class 'Ogre::RTShader::PerPixelLighting'
     1>c:\hlocal\ig-2-ogre\ogresdk\include\ogre\rtshadersystem\OgreShaderExPerPixelLighting.h(250): warning C4251: 'Ogre::RTShader::PerPixelLighting::mSurfaceAmbientColour' : class 'std::shared_ptr<Ogre::RTShader::UniformParameter>' needs to have dll-interface to be used by clients of class 'Ogre::RTShader::PerPixelLighting'
     1>c:\hlocal\ig-2-ogre\ogresdk\include\ogre\rtshadersystem\OgreShaderExPerPixelLighting.h(252): warning C4251: 'Ogre::RTShader::PerPixelLighting::mSurfaceDiffuseColour' : class 'std::shared_ptr<Ogre::RTShader::UniformParameter>' needs to have dll-interface to be used by clients of class 'Ogre::RTShader::PerPixelLighting'
     1>c:\hlocal\ig-2-ogre\ogresdk\include\ogre\rtshadersystem\OgreShaderExPerPixelLighting.h(254): warning C4251: 'Ogre::RTShader::PerPixelLighting::mSurfaceSpecularColour' : class 'std::shared_ptr<Ogre::RTShader::UniformParameter>' needs to have dll-interface to be used by clients of class 'Ogre::RTShader::PerPixelLighting'
     1>c:\hlocal\ig-2-ogre\ogresdk\include\ogre\rtshadersystem\OgreShaderExPerPixelLighting.h(256): warning C4251: 'Ogre::RTShader::PerPixelLighting::mSurfaceEmissiveColour' : class 'std::shared_ptr<Ogre::RTShader::UniformParameter>' needs to have dll-interface to be used by clients of class 'Ogre::RTShader::PerPixelLighting'
     1>c:\hlocal\ig-2-ogre\ogresdk\include\ogre\rtshadersystem\OgreShaderExPerPixelLighting.h(258): warning C4251: 'Ogre::RTShader::PerPixelLighting::mSurfaceShininess' : class 'std::shared_ptr<Ogre::RTShader::UniformParameter>' needs to have dll-interface to be used by clients of class 'Ogre::RTShader::PerPixelLighting'
     1>c:\hlocal\ig-2-ogre\ogresdk\include\ogre\rtshadersystem\OgreShaderExNormalMapLighting.h(106): warning C4251: 'Ogre::RTShader::NormalMapLighting::Type' : class 'std::basic_string<char,std::char_traits<char>,std::allocator<char>>' needs to have dll-interface to be used by clients of class 'Ogre::RTShader::NormalMapLighting'
     1>c:\hlocal\ig-2-ogre\ogresdk\include\ogre\rtshadersystem\OgreShaderExNormalMapLighting.h(190): warning C4251: 'Ogre::RTShader::NormalMapLighting::LightParams::mPosition' : class 'std::shared_ptr<Ogre::RTShader::UniformParameter>' needs to have dll-interface to be used by clients of struct 'Ogre::RTShader::NormalMapLighting::LightParams'
     1>c:\hlocal\ig-2-ogre\ogresdk\include\ogre\rtshadersystem\OgreShaderExNormalMapLighting.h(192): warning C4251: 'Ogre::RTShader::NormalMapLighting::LightParams::mVSOutToLightDir' : class 'std::shared_ptr<Ogre::RTShader::Parameter>' needs to have dll-interface to be used by clients of struct 'Ogre::RTShader::NormalMapLighting::LightParams'
     1>c:\hlocal\ig-2-ogre\ogresdk\include\ogre\rtshadersystem\OgreShaderExNormalMapLighting.h(194): warning C4251: 'Ogre::RTShader::NormalMapLighting::LightParams::mPSInToLightDir' : class 'std::shared_ptr<Ogre::RTShader::Parameter>' needs to have dll-interface to be used by clients of struct 'Ogre::RTShader::NormalMapLighting::LightParams'
     1>c:\hlocal\ig-2-ogre\ogresdk\include\ogre\rtshadersystem\OgreShaderExNormalMapLighting.h(196): warning C4251: 'Ogre::RTShader::NormalMapLighting::LightParams::mDirection' : class 'std::shared_ptr<Ogre::RTShader::UniformParameter>' needs to have dll-interface to be used by clients of struct 'Ogre::RTShader::NormalMapLighting::LightParams'
     1>c:\hlocal\ig-2-ogre\ogresdk\include\ogre\rtshadersystem\OgreShaderExNormalMapLighting.h(198): warning C4251: 'Ogre::RTShader::NormalMapLighting::LightParams::mVSOutDirection' : class 'std::shared_ptr<Ogre::RTShader::Parameter>' needs to have dll-interface to be used by clients of struct 'Ogre::RTShader::NormalMapLighting::LightParams'
     1>c:\hlocal\ig-2-ogre\ogresdk\include\ogre\rtshadersystem\OgreShaderExNormalMapLighting.h(200): warning C4251: 'Ogre::RTShader::NormalMapLighting::LightParams::mPSInDirection' : class 'std::shared_ptr<Ogre::RTShader::Parameter>' needs to have dll-interface to be used by clients of struct 'Ogre::RTShader::NormalMapLighting::LightParams'
     1>c:\hlocal\ig-2-ogre\ogresdk\include\ogre\rtshadersystem\OgreShaderExNormalMapLighting.h(202): warning C4251: 'Ogre::RTShader::NormalMapLighting::LightParams::mAttenuatParams' : class 'std::shared_ptr<Ogre::RTShader::UniformParameter>' needs to have dll-interface to be used by clients of struct 'Ogre::RTShader::NormalMapLighting::LightParams'
     1>c:\hlocal\ig-2-ogre\ogresdk\include\ogre\rtshadersystem\OgreShaderExNormalMapLighting.h(204): warning C4251: 'Ogre::RTShader::NormalMapLighting::LightParams::mSpotParams' : class 'std::shared_ptr<Ogre::RTShader::UniformParameter>' needs to have dll-interface to be used by clients of struct 'Ogre::RTShader::NormalMapLighting::LightParams'
     1>c:\hlocal\ig-2-ogre\ogresdk\include\ogre\rtshadersystem\OgreShaderExNormalMapLighting.h(206): warning C4251: 'Ogre::RTShader::NormalMapLighting::LightParams::mDiffuseColour' : class 'std::shared_ptr<Ogre::RTShader::UniformParameter>' needs to have dll-interface to be used by clients of struct 'Ogre::RTShader::NormalMapLighting::LightParams'
     1>c:\hlocal\ig-2-ogre\ogresdk\include\ogre\rtshadersystem\OgreShaderExNormalMapLighting.h(208): warning C4251: 'Ogre::RTShader::NormalMapLighting::LightParams::mSpecularColour' : class 'std::shared_ptr<Ogre::RTShader::UniformParameter>' needs to have dll-interface to be used by clients of struct 'Ogre::RTShader::NormalMapLighting::LightParams'
     1>c:\hlocal\ig-2-ogre\ogresdk\include\ogre\rtshadersystem\OgreShaderExNormalMapLighting.h(313): warning C4251: 'Ogre::RTShader::NormalMapLighting::mNormalMapTextureName' : class 'std::basic_string<char,std::char_traits<char>,std::allocator<char>>' needs to have dll-interface to be used by clients of class 'Ogre::RTShader::NormalMapLighting'
     1>c:\hlocal\ig-2-ogre\ogresdk\include\ogre\rtshadersystem\OgreShaderExNormalMapLighting.h(319): warning C4251: 'Ogre::RTShader::NormalMapLighting::mLightParamsList' : class 'std::vector<T,std::allocator<_Ty>>' needs to have dll-interface to be used by clients of class 'Ogre::RTShader::NormalMapLighting'
                 with
                 [
                     T=Ogre::RTShader::NormalMapLighting::LightParams
         ,            _Ty=Ogre::RTShader::NormalMapLighting::LightParams
                 ]
     1>c:\hlocal\ig-2-ogre\ogresdk\include\ogre\rtshadersystem\OgreShaderExNormalMapLighting.h(337): warning C4251: 'Ogre::RTShader::NormalMapLighting::mWorldMatrix' : class 'std::shared_ptr<Ogre::RTShader::UniformParameter>' needs to have dll-interface to be used by clients of class 'Ogre::RTShader::NormalMapLighting'
     1>c:\hlocal\ig-2-ogre\ogresdk\include\ogre\rtshadersystem\OgreShaderExNormalMapLighting.h(339): warning C4251: 'Ogre::RTShader::NormalMapLighting::mWorldInvRotMatrix' : class 'std::shared_ptr<Ogre::RTShader::UniformParameter>' needs to have dll-interface to be used by clients of class 'Ogre::RTShader::NormalMapLighting'
     1>c:\hlocal\ig-2-ogre\ogresdk\include\ogre\rtshadersystem\OgreShaderExNormalMapLighting.h(341): warning C4251: 'Ogre::RTShader::NormalMapLighting::mCamPosWorldSpace' : class 'std::shared_ptr<Ogre::RTShader::UniformParameter>' needs to have dll-interface to be used by clients of class 'Ogre::RTShader::NormalMapLighting'
     1>c:\hlocal\ig-2-ogre\ogresdk\include\ogre\rtshadersystem\OgreShaderExNormalMapLighting.h(343): warning C4251: 'Ogre::RTShader::NormalMapLighting::mVSInPosition' : class 'std::shared_ptr<Ogre::RTShader::Parameter>' needs to have dll-interface to be used by clients of class 'Ogre::RTShader::NormalMapLighting'
     1>c:\hlocal\ig-2-ogre\ogresdk\include\ogre\rtshadersystem\OgreShaderExNormalMapLighting.h(345): warning C4251: 'Ogre::RTShader::NormalMapLighting::mVSWorldPosition' : class 'std::shared_ptr<Ogre::RTShader::Parameter>' needs to have dll-interface to be used by clients of class 'Ogre::RTShader::NormalMapLighting'
     1>c:\hlocal\ig-2-ogre\ogresdk\include\ogre\rtshadersystem\OgreShaderExNormalMapLighting.h(347): warning C4251: 'Ogre::RTShader::NormalMapLighting::mVSOutView' : class 'std::shared_ptr<Ogre::RTShader::Parameter>' needs to have dll-interface to be used by clients of class 'Ogre::RTShader::NormalMapLighting'
     1>c:\hlocal\ig-2-ogre\ogresdk\include\ogre\rtshadersystem\OgreShaderExNormalMapLighting.h(349): warning C4251: 'Ogre::RTShader::NormalMapLighting::mPSInView' : class 'std::shared_ptr<Ogre::RTShader::Parameter>' needs to have dll-interface to be used by clients of class 'Ogre::RTShader::NormalMapLighting'
     1>c:\hlocal\ig-2-ogre\ogresdk\include\ogre\rtshadersystem\OgreShaderExNormalMapLighting.h(351): warning C4251: 'Ogre::RTShader::NormalMapLighting::mVSInNormal' : class 'std::shared_ptr<Ogre::RTShader::Parameter>' needs to have dll-interface to be used by clients of class 'Ogre::RTShader::NormalMapLighting'
     1>c:\hlocal\ig-2-ogre\ogresdk\include\ogre\rtshadersystem\OgreShaderExNormalMapLighting.h(353): warning C4251: 'Ogre::RTShader::NormalMapLighting::mVSInTangent' : class 'std::shared_ptr<Ogre::RTShader::Parameter>' needs to have dll-interface to be used by clients of class 'Ogre::RTShader::NormalMapLighting'
     1>c:\hlocal\ig-2-ogre\ogresdk\include\ogre\rtshadersystem\OgreShaderExNormalMapLighting.h(355): warning C4251: 'Ogre::RTShader::NormalMapLighting::mVSTBNMatrix' : class 'std::shared_ptr<Ogre::RTShader::Parameter>' needs to have dll-interface to be used by clients of class 'Ogre::RTShader::NormalMapLighting'
     1>c:\hlocal\ig-2-ogre\ogresdk\include\ogre\rtshadersystem\OgreShaderExNormalMapLighting.h(357): warning C4251: 'Ogre::RTShader::NormalMapLighting::mVSLocalDir' : class 'std::shared_ptr<Ogre::RTShader::Parameter>' needs to have dll-interface to be used by clients of class 'Ogre::RTShader::NormalMapLighting'
     1>c:\hlocal\ig-2-ogre\ogresdk\include\ogre\rtshadersystem\OgreShaderExNormalMapLighting.h(359): warning C4251: 'Ogre::RTShader::NormalMapLighting::mNormalMapSampler' : class 'std::shared_ptr<Ogre::RTShader::UniformParameter>' needs to have dll-interface to be used by clients of class 'Ogre::RTShader::NormalMapLighting'
     1>c:\hlocal\ig-2-ogre\ogresdk\include\ogre\rtshadersystem\OgreShaderExNormalMapLighting.h(361): warning C4251: 'Ogre::RTShader::NormalMapLighting::mNormalMapSamplerState' : class 'std::shared_ptr<Ogre::RTShader::UniformParameter>' needs to have dll-interface to be used by clients of class 'Ogre::RTShader::NormalMapLighting'
     1>c:\hlocal\ig-2-ogre\ogresdk\include\ogre\rtshadersystem\OgreShaderExNormalMapLighting.h(363): warning C4251: 'Ogre::RTShader::NormalMapLighting::mPSNormal' : class 'std::shared_ptr<Ogre::RTShader::Parameter>' needs to have dll-interface to be used by clients of class 'Ogre::RTShader::NormalMapLighting'
     1>c:\hlocal\ig-2-ogre\ogresdk\include\ogre\rtshadersystem\OgreShaderExNormalMapLighting.h(365): warning C4251: 'Ogre::RTShader::NormalMapLighting::mVSInTexcoord' : class 'std::shared_ptr<Ogre::RTShader::Parameter>' needs to have dll-interface to be used by clients of class 'Ogre::RTShader::NormalMapLighting'
     1>c:\hlocal\ig-2-ogre\ogresdk\include\ogre\rtshadersystem\OgreShaderExNormalMapLighting.h(367): warning C4251: 'Ogre::RTShader::NormalMapLighting::mVSOutTexcoord' : class 'std::shared_ptr<Ogre::RTShader::Parameter>' needs to have dll-interface to be used by clients of class 'Ogre::RTShader::NormalMapLighting'
     1>c:\hlocal\ig-2-ogre\ogresdk\include\ogre\rtshadersystem\OgreShaderExNormalMapLighting.h(369): warning C4251: 'Ogre::RTShader::NormalMapLighting::mPSInTexcoord' : class 'std::shared_ptr<Ogre::RTShader::Parameter>' needs to have dll-interface to be used by clients of class 'Ogre::RTShader::NormalMapLighting'
     1>c:\hlocal\ig-2-ogre\ogresdk\include\ogre\rtshadersystem\OgreShaderExNormalMapLighting.h(371): warning C4251: 'Ogre::RTShader::NormalMapLighting::mPSTempDiffuseColour' : class 'std::shared_ptr<Ogre::RTShader::Parameter>' needs to have dll-interface to be used by clients of class 'Ogre::RTShader::NormalMapLighting'
     1>c:\hlocal\ig-2-ogre\ogresdk\include\ogre\rtshadersystem\OgreShaderExNormalMapLighting.h(373): warning C4251: 'Ogre::RTShader::NormalMapLighting::mPSTempSpecularColour' : class 'std::shared_ptr<Ogre::RTShader::Parameter>' needs to have dll-interface to be used by clients of class 'Ogre::RTShader::NormalMapLighting'
     1>c:\hlocal\ig-2-ogre\ogresdk\include\ogre\rtshadersystem\OgreShaderExNormalMapLighting.h(375): warning C4251: 'Ogre::RTShader::NormalMapLighting::mPSDiffuse' : class 'std::shared_ptr<Ogre::RTShader::Parameter>' needs to have dll-interface to be used by clients of class 'Ogre::RTShader::NormalMapLighting'
     1>c:\hlocal\ig-2-ogre\ogresdk\include\ogre\rtshadersystem\OgreShaderExNormalMapLighting.h(377): warning C4251: 'Ogre::RTShader::NormalMapLighting::mPSSpecular' : class 'std::shared_ptr<Ogre::RTShader::Parameter>' needs to have dll-interface to be used by clients of class 'Ogre::RTShader::NormalMapLighting'
     1>c:\hlocal\ig-2-ogre\ogresdk\include\ogre\rtshadersystem\OgreShaderExNormalMapLighting.h(379): warning C4251: 'Ogre::RTShader::NormalMapLighting::mPSOutDiffuse' : class 'std::shared_ptr<Ogre::RTShader::Parameter>' needs to have dll-interface to be used by clients of class 'Ogre::RTShader::NormalMapLighting'
     1>c:\hlocal\ig-2-ogre\ogresdk\include\ogre\rtshadersystem\OgreShaderExNormalMapLighting.h(381): warning C4251: 'Ogre::RTShader::NormalMapLighting::mPSOutSpecular' : class 'std::shared_ptr<Ogre::RTShader::Parameter>' needs to have dll-interface to be used by clients of class 'Ogre::RTShader::NormalMapLighting'
     1>c:\hlocal\ig-2-ogre\ogresdk\include\ogre\rtshadersystem\OgreShaderExNormalMapLighting.h(383): warning C4251: 'Ogre::RTShader::NormalMapLighting::mDerivedSceneColour' : class 'std::shared_ptr<Ogre::RTShader::UniformParameter>' needs to have dll-interface to be used by clients of class 'Ogre::RTShader::NormalMapLighting'
     1>c:\hlocal\ig-2-ogre\ogresdk\include\ogre\rtshadersystem\OgreShaderExNormalMapLighting.h(385): warning C4251: 'Ogre::RTShader::NormalMapLighting::mLightAmbientColour' : class 'std::shared_ptr<Ogre::RTShader::UniformParameter>' needs to have dll-interface to be used by clients of class 'Ogre::RTShader::NormalMapLighting'
     1>c:\hlocal\ig-2-ogre\ogresdk\include\ogre\rtshadersystem\OgreShaderExNormalMapLighting.h(387): warning C4251: 'Ogre::RTShader::NormalMapLighting::mDerivedAmbientLightColour' : class 'std::shared_ptr<Ogre::RTShader::UniformParameter>' needs to have dll-interface to be used by clients of class 'Ogre::RTShader::NormalMapLighting'
     1>c:\hlocal\ig-2-ogre\ogresdk\include\ogre\rtshadersystem\OgreShaderExNormalMapLighting.h(389): warning C4251: 'Ogre::RTShader::NormalMapLighting::mSurfaceAmbientColour' : class 'std::shared_ptr<Ogre::RTShader::UniformParameter>' needs to have dll-interface to be used by clients of class 'Ogre::RTShader::NormalMapLighting'
     1>c:\hlocal\ig-2-ogre\ogresdk\include\ogre\rtshadersystem\OgreShaderExNormalMapLighting.h(391): warning C4251: 'Ogre::RTShader::NormalMapLighting::mSurfaceDiffuseColour' : class 'std::shared_ptr<Ogre::RTShader::UniformParameter>' needs to have dll-interface to be used by clients of class 'Ogre::RTShader::NormalMapLighting'
     1>c:\hlocal\ig-2-ogre\ogresdk\include\ogre\rtshadersystem\OgreShaderExNormalMapLighting.h(393): warning C4251: 'Ogre::RTShader::NormalMapLighting::mSurfaceSpecularColour' : class 'std::shared_ptr<Ogre::RTShader::UniformParameter>' needs to have dll-interface to be used by clients of class 'Ogre::RTShader::NormalMapLighting'
     1>c:\hlocal\ig-2-ogre\ogresdk\include\ogre\rtshadersystem\OgreShaderExNormalMapLighting.h(395): warning C4251: 'Ogre::RTShader::NormalMapLighting::mSurfaceEmissiveColour' : class 'std::shared_ptr<Ogre::RTShader::UniformParameter>' needs to have dll-interface to be used by clients of class 'Ogre::RTShader::NormalMapLighting'
     1>c:\hlocal\ig-2-ogre\ogresdk\include\ogre\rtshadersystem\OgreShaderExNormalMapLighting.h(397): warning C4251: 'Ogre::RTShader::NormalMapLighting::mSurfaceShininess' : class 'std::shared_ptr<Ogre::RTShader::UniformParameter>' needs to have dll-interface to be used by clients of class 'Ogre::RTShader::NormalMapLighting'
     1>c:\hlocal\ig-2-ogre\ogresdk\include\ogre\rtshadersystem\OgreShaderExIntegratedPSSM3.h(100): warning C4251: 'Ogre::RTShader::IntegratedPSSM3::Type' : class 'std::basic_string<char,std::char_traits<char>,std::allocator<char>>' needs to have dll-interface to be used by clients of class 'Ogre::RTShader::IntegratedPSSM3'
     1>c:\hlocal\ig-2-ogre\ogresdk\include\ogre\rtshadersystem\OgreShaderExIntegratedPSSM3.h(113): warning C4251: 'Ogre::RTShader::IntegratedPSSM3::ShadowTextureParams::mTextureSampler' : class 'std::shared_ptr<Ogre::RTShader::UniformParameter>' needs to have dll-interface to be used by clients of struct 'Ogre::RTShader::IntegratedPSSM3::ShadowTextureParams'
     1>c:\hlocal\ig-2-ogre\ogresdk\include\ogre\rtshadersystem\OgreShaderExIntegratedPSSM3.h(115): warning C4251: 'Ogre::RTShader::IntegratedPSSM3::ShadowTextureParams::mInvTextureSize' : class 'std::shared_ptr<Ogre::RTShader::UniformParameter>' needs to have dll-interface to be used by clients of struct 'Ogre::RTShader::IntegratedPSSM3::ShadowTextureParams'
     1>c:\hlocal\ig-2-ogre\ogresdk\include\ogre\rtshadersystem\OgreShaderExIntegratedPSSM3.h(117): warning C4251: 'Ogre::RTShader::IntegratedPSSM3::ShadowTextureParams::mWorldViewProjMatrix' : class 'std::shared_ptr<Ogre::RTShader::UniformParameter>' needs to have dll-interface to be used by clients of struct 'Ogre::RTShader::IntegratedPSSM3::ShadowTextureParams'
     1>c:\hlocal\ig-2-ogre\ogresdk\include\ogre\rtshadersystem\OgreShaderExIntegratedPSSM3.h(119): warning C4251: 'Ogre::RTShader::IntegratedPSSM3::ShadowTextureParams::mVSOutLightPosition' : class 'std::shared_ptr<Ogre::RTShader::Parameter>' needs to have dll-interface to be used by clients of struct 'Ogre::RTShader::IntegratedPSSM3::ShadowTextureParams'
     1>c:\hlocal\ig-2-ogre\ogresdk\include\ogre\rtshadersystem\OgreShaderExIntegratedPSSM3.h(121): warning C4251: 'Ogre::RTShader::IntegratedPSSM3::ShadowTextureParams::mPSInLightPosition' : class 'std::shared_ptr<Ogre::RTShader::Parameter>' needs to have dll-interface to be used by clients of struct 'Ogre::RTShader::IntegratedPSSM3::ShadowTextureParams'
     1>c:\hlocal\ig-2-ogre\ogresdk\include\ogre\rtshadersystem\OgreShaderExIntegratedPSSM3.h(166): warning C4251: 'Ogre::RTShader::IntegratedPSSM3::mShadowTextureParamsList' : class 'std::vector<T,std::allocator<_Ty>>' needs to have dll-interface to be used by clients of class 'Ogre::RTShader::IntegratedPSSM3'
                 with
                 [
                     T=Ogre::RTShader::IntegratedPSSM3::ShadowTextureParams
         ,            _Ty=Ogre::RTShader::IntegratedPSSM3::ShadowTextureParams
                 ]
     1>c:\hlocal\ig-2-ogre\ogresdk\include\ogre\rtshadersystem\OgreShaderExIntegratedPSSM3.h(168): warning C4251: 'Ogre::RTShader::IntegratedPSSM3::mPSSplitPoints' : class 'std::shared_ptr<Ogre::RTShader::UniformParameter>' needs to have dll-interface to be used by clients of class 'Ogre::RTShader::IntegratedPSSM3'
     1>c:\hlocal\ig-2-ogre\ogresdk\include\ogre\rtshadersystem\OgreShaderExIntegratedPSSM3.h(170): warning C4251: 'Ogre::RTShader::IntegratedPSSM3::mVSInPos' : class 'std::shared_ptr<Ogre::RTShader::Parameter>' needs to have dll-interface to be used by clients of class 'Ogre::RTShader::IntegratedPSSM3'
     1>c:\hlocal\ig-2-ogre\ogresdk\include\ogre\rtshadersystem\OgreShaderExIntegratedPSSM3.h(172): warning C4251: 'Ogre::RTShader::IntegratedPSSM3::mVSOutPos' : class 'std::shared_ptr<Ogre::RTShader::Parameter>' needs to have dll-interface to be used by clients of class 'Ogre::RTShader::IntegratedPSSM3'
     1>c:\hlocal\ig-2-ogre\ogresdk\include\ogre\rtshadersystem\OgreShaderExIntegratedPSSM3.h(174): warning C4251: 'Ogre::RTShader::IntegratedPSSM3::mVSOutDepth' : class 'std::shared_ptr<Ogre::RTShader::Parameter>' needs to have dll-interface to be used by clients of class 'Ogre::RTShader::IntegratedPSSM3'
     1>c:\hlocal\ig-2-ogre\ogresdk\include\ogre\rtshadersystem\OgreShaderExIntegratedPSSM3.h(176): warning C4251: 'Ogre::RTShader::IntegratedPSSM3::mPSInDepth' : class 'std::shared_ptr<Ogre::RTShader::Parameter>' needs to have dll-interface to be used by clients of class 'Ogre::RTShader::IntegratedPSSM3'
     1>c:\hlocal\ig-2-ogre\ogresdk\include\ogre\rtshadersystem\OgreShaderExIntegratedPSSM3.h(178): warning C4251: 'Ogre::RTShader::IntegratedPSSM3::mPSLocalShadowFactor' : class 'std::shared_ptr<Ogre::RTShader::Parameter>' needs to have dll-interface to be used by clients of class 'Ogre::RTShader::IntegratedPSSM3'
     1>c:\hlocal\ig-2-ogre\ogresdk\include\ogre\rtshadersystem\OgreShaderExIntegratedPSSM3.h(180): warning C4251: 'Ogre::RTShader::IntegratedPSSM3::mPSDiffuse' : class 'std::shared_ptr<Ogre::RTShader::Parameter>' needs to have dll-interface to be used by clients of class 'Ogre::RTShader::IntegratedPSSM3'
     1>c:\hlocal\ig-2-ogre\ogresdk\include\ogre\rtshadersystem\OgreShaderExIntegratedPSSM3.h(182): warning C4251: 'Ogre::RTShader::IntegratedPSSM3::mPSOutDiffuse' : class 'std::shared_ptr<Ogre::RTShader::Parameter>' needs to have dll-interface to be used by clients of class 'Ogre::RTShader::IntegratedPSSM3'
     1>c:\hlocal\ig-2-ogre\ogresdk\include\ogre\rtshadersystem\OgreShaderExIntegratedPSSM3.h(184): warning C4251: 'Ogre::RTShader::IntegratedPSSM3::mPSSpecualr' : class 'std::shared_ptr<Ogre::RTShader::Parameter>' needs to have dll-interface to be used by clients of class 'Ogre::RTShader::IntegratedPSSM3'
     1>c:\hlocal\ig-2-ogre\ogresdk\include\ogre\rtshadersystem\OgreShaderExIntegratedPSSM3.h(186): warning C4251: 'Ogre::RTShader::IntegratedPSSM3::mPSDerivedSceneColour' : class 'std::shared_ptr<Ogre::RTShader::UniformParameter>' needs to have dll-interface to be used by clients of class 'Ogre::RTShader::IntegratedPSSM3'
     1>c:\hlocal\ig-2-ogre\ogresdk\include\ogre\rtshadersystem\OgreShaderExLayeredBlending.h(153): warning C4251: 'Ogre::RTShader::LayeredBlending::Type' : class 'std::basic_string<char,std::char_traits<char>,std::allocator<char>>' needs to have dll-interface to be used by clients of class 'Ogre::RTShader::LayeredBlending'
     1>c:\hlocal\ig-2-ogre\ogresdk\include\ogre\rtshadersystem\OgreShaderExLayeredBlending.h(192): warning C4251: 'Ogre::RTShader::LayeredBlending::mTextureBlends' : class 'std::vector<T,std::allocator<_Ty>>' needs to have dll-interface to be used by clients of class 'Ogre::RTShader::LayeredBlending'
                 with
                 [
                     T=Ogre::RTShader::LayeredBlending::TextureBlend
         ,            _Ty=Ogre::RTShader::LayeredBlending::TextureBlend
                 ]
     1>c:\hlocal\ig-2-ogre\ogresdk\include\ogre\rtshadersystem\OgreShaderExHardwareSkinning.h(145): warning C4251: 'Ogre::RTShader::HardwareSkinning::Type' : class 'std::basic_string<char,std::char_traits<char>,std::allocator<char>>' needs to have dll-interface to be used by clients of class 'Ogre::RTShader::HardwareSkinning'
     1>c:\hlocal\ig-2-ogre\ogresdk\include\ogre\rtshadersystem\OgreShaderExHardwareSkinning.h(164): warning C4251: 'Ogre::RTShader::HardwareSkinning::mLinear' : class 'std::shared_ptr<Ogre::RTShader::LinearSkinning>' needs to have dll-interface to be used by clients of class 'Ogre::RTShader::HardwareSkinning'
     1>c:\hlocal\ig-2-ogre\ogresdk\include\ogre\rtshadersystem\OgreShaderExHardwareSkinning.h(165): warning C4251: 'Ogre::RTShader::HardwareSkinning::mDualQuat' : class 'std::shared_ptr<Ogre::RTShader::DualQuaternionSkinning>' needs to have dll-interface to be used by clients of class 'Ogre::RTShader::HardwareSkinning'
     1>c:\hlocal\ig-2-ogre\ogresdk\include\ogre\rtshadersystem\OgreShaderExHardwareSkinning.h(166): warning C4251: 'Ogre::RTShader::HardwareSkinning::mActiveTechnique' : class 'std::shared_ptr<Ogre::RTShader::HardwareSkinningTechnique>' needs to have dll-interface to be used by clients of class 'Ogre::RTShader::HardwareSkinning'
     1>c:\hlocal\ig-2-ogre\ogresdk\include\ogre\rtshadersystem\OgreShaderExHardwareSkinning.h(316): warning C4251: 'Ogre::RTShader::HardwareSkinningFactory::mCustomShadowCasterMaterialsLinear' : class 'std::shared_ptr<Ogre::Material>' needs to have dll-interface to be used by clients of class 'Ogre::RTShader::HardwareSkinningFactory'
     1>c:\hlocal\ig-2-ogre\ogresdk\include\ogre\rtshadersystem\OgreShaderExHardwareSkinning.h(317): warning C4251: 'Ogre::RTShader::HardwareSkinningFactory::mCustomShadowCasterMaterialsDualQuaternion' : class 'std::shared_ptr<Ogre::Material>' needs to have dll-interface to be used by clients of class 'Ogre::RTShader::HardwareSkinningFactory'
     1>c:\hlocal\ig-2-ogre\ogresdk\include\ogre\rtshadersystem\OgreShaderExHardwareSkinning.h(320): warning C4251: 'Ogre::RTShader::HardwareSkinningFactory::mCustomShadowReceiverMaterialsLinear' : class 'std::shared_ptr<Ogre::Material>' needs to have dll-interface to be used by clients of class 'Ogre::RTShader::HardwareSkinningFactory'
     1>c:\hlocal\ig-2-ogre\ogresdk\include\ogre\rtshadersystem\OgreShaderExHardwareSkinning.h(321): warning C4251: 'Ogre::RTShader::HardwareSkinningFactory::mCustomShadowReceiverMaterialsDualQuaternion' : class 'std::shared_ptr<Ogre::Material>' needs to have dll-interface to be used by clients of class 'Ogre::RTShader::HardwareSkinningFactory'
     1>c:\hlocal\ig-2-ogre\ogresdk\include\ogre\rtshadersystem\OgreShaderMaterialSerializerListener.h(47): warning C4275: non dll-interface class 'Ogre::MaterialSerializer::Listener' used as base for dll-interface class 'Ogre::RTShader::SGMaterialSerializerListener'
                 c:\hlocal\ig-2-ogre\ogresdk\include\ogre\OgreMaterialSerializer.h(121) : see declaration of 'Ogre::MaterialSerializer::Listener'
                 c:\hlocal\ig-2-ogre\ogresdk\include\ogre\rtshadersystem\OgreShaderMaterialSerializerListener.h(47) : see declaration of 'Ogre::RTShader::SGMaterialSerializerListener'
     1>c:\hlocal\ig-2-ogre\ogresdk\include\ogre\rtshadersystem\OgreShaderMaterialSerializerListener.h(101): warning C4251: 'Ogre::RTShader::SGMaterialSerializerListener::mSGPassList' : class 'std::vector<T,std::allocator<_Ty>>' needs to have dll-interface to be used by clients of class 'Ogre::RTShader::SGMaterialSerializerListener'
                 with
                 [
                     T=Ogre::RTShader::ShaderGenerator::SGPass *
         ,            _Ty=Ogre::RTShader::ShaderGenerator::SGPass *
                 ]
     1>C:\hlocal\IG-2-Ogre\OGREsdk\include\OGRE\Bites\OgreSGTechniqueResolverListener.h(47): warning C4275: non dll-interface class 'Ogre::MaterialManager::Listener' used as base for dll-interface class 'OgreBites::SGTechniqueResolverListener'
                 c:\hlocal\ig-2-ogre\ogresdk\include\ogre\OgreMaterialManager.h(70) : see declaration of 'Ogre::MaterialManager::Listener'
                 C:\hlocal\IG-2-Ogre\OGREsdk\include\OGRE\Bites\OgreSGTechniqueResolverListener.h(47) : see declaration of 'OgreBites::SGTechniqueResolverListener'
     1>C:\hlocal\IG-2-Ogre\OGREsdk\include\OGRE\Overlay\OgreOverlay.h(78): warning C4251: 'Ogre::Overlay::mName' : class 'std::basic_string<char,std::char_traits<char>,std::allocator<char>>' needs to have dll-interface to be used by clients of class 'Ogre::Overlay'
     1>C:\hlocal\IG-2-Ogre\OGREsdk\include\OGRE\Overlay\OgreOverlay.h(84): warning C4251: 'Ogre::Overlay::m2DElements' : class 'std::list<T,std::allocator<_Ty>>' needs to have dll-interface to be used by clients of class 'Ogre::Overlay'
                 with
                 [
                     T=Ogre::OverlayContainer *
         ,            _Ty=Ogre::OverlayContainer *
                 ]
     1>C:\hlocal\IG-2-Ogre\OGREsdk\include\OGRE\Overlay\OgreOverlay.h(87): warning C4251: 'Ogre::Overlay::mRotate' : class 'Ogre::Radian' needs to have dll-interface to be used by clients of class 'Ogre::Overlay'
                 c:\hlocal\ig-2-ogre\ogresdk\include\ogre\OgreMath.h(48) : see declaration of 'Ogre::Radian'
     1>C:\hlocal\IG-2-Ogre\OGREsdk\include\OGRE\Overlay\OgreOverlay.h(101): warning C4251: 'Ogre::Overlay::mOrigin' : class 'std::basic_string<char,std::char_traits<char>,std::allocator<char>>' needs to have dll-interface to be used by clients of class 'Ogre::Overlay'
     1>C:\hlocal\IG-2-Ogre\OGREsdk\include\OGRE\Overlay\OgreOverlayManager.h(61): warning C4251: 'Ogre::OverlayManager::mOverlayMap' : class 'std::map<K,V,P,std::allocator<std::pair<const _Kty,_Ty>>>' needs to have dll-interface to be used by clients of class 'Ogre::OverlayManager'
                 with
                 [
                     K=Ogre::String
         ,            V=Ogre::Overlay *
         ,            P=std::less<Ogre::String>
         ,            _Kty=Ogre::String
         ,            _Ty=Ogre::Overlay *
                 ]
     1>C:\hlocal\IG-2-Ogre\OGREsdk\include\OGRE\Overlay\OgreOverlayManager.h(62): warning C4251: 'Ogre::OverlayManager::mScriptPatterns' : class 'std::vector<T,std::allocator<_Ty>>' needs to have dll-interface to be used by clients of class 'Ogre::OverlayManager'
                 with
                 [
                     T=Ogre::String
         ,            _Ty=Ogre::String
                 ]
     1>C:\hlocal\IG-2-Ogre\OGREsdk\include\OGRE\Overlay\OgreOverlayManager.h(77): warning C4251: 'Ogre::OverlayManager::mFactories' : class 'std::map<K,V,P,std::allocator<std::pair<const _Kty,_Ty>>>' needs to have dll-interface to be used by clients of class 'Ogre::OverlayManager'
                 with
                 [
                     K=Ogre::String
         ,            V=Ogre::OverlayElementFactory *
         ,            P=std::less<Ogre::String>
         ,            _Kty=Ogre::String
         ,            _Ty=Ogre::OverlayElementFactory *
                 ]
     1>C:\hlocal\IG-2-Ogre\OGREsdk\include\OGRE\Overlay\OgreOverlayManager.h(79): warning C4251: 'Ogre::OverlayManager::mInstances' : class 'std::map<K,V,P,std::allocator<std::pair<const _Kty,_Ty>>>' needs to have dll-interface to be used by clients of class 'Ogre::OverlayManager'
                 with
                 [
                     K=Ogre::String
         ,            V=Ogre::OverlayElement *
         ,            P=std::less<Ogre::String>
         ,            _Kty=Ogre::String
         ,            _Ty=Ogre::OverlayElement *
                 ]
     1>C:\hlocal\IG-2-Ogre\OGREsdk\include\OGRE\Overlay\OgreOverlayManager.h(80): warning C4251: 'Ogre::OverlayManager::mTemplates' : class 'std::map<K,V,P,std::allocator<std::pair<const _Kty,_Ty>>>' needs to have dll-interface to be used by clients of class 'Ogre::OverlayManager'
                 with
                 [
                     K=Ogre::String
         ,            V=Ogre::OverlayElement *
         ,            P=std::less<Ogre::String>
         ,            _Kty=Ogre::String
         ,            _Ty=Ogre::OverlayElement *
                 ]
     1>C:\hlocal\IG-2-Ogre\OGREsdk\include\OGRE\Overlay\OgreOverlayManager.h(83): warning C4251: 'Ogre::OverlayManager::mLoadedScripts' : class 'std::set<T,P,std::allocator<_Ty>>' needs to have dll-interface to be used by clients of class 'Ogre::OverlayManager'
                 with
                 [
                     T=Ogre::String
         ,            P=std::less<Ogre::String>
         ,            _Ty=Ogre::String
                 ]
     1>c:\hlocal\ig-2-ogre\ogresdk\include\ogre\overlay\OgreOverlayElement.h(127): warning C4251: 'Ogre::OverlayElement::mName' : class 'std::basic_string<char,std::char_traits<char>,std::allocator<char>>' needs to have dll-interface to be used by clients of class 'Ogre::OverlayElement'
     1>c:\hlocal\ig-2-ogre\ogresdk\include\ogre\overlay\OgreOverlayElement.h(134): warning C4251: 'Ogre::OverlayElement::mMaterial' : class 'std::shared_ptr<Ogre::Material>' needs to have dll-interface to be used by clients of class 'Ogre::OverlayElement'
     1>c:\hlocal\ig-2-ogre\ogresdk\include\ogre\overlay\OgreOverlayElement.h(137): warning C4251: 'Ogre::OverlayElement::mClippingRegion' : struct 'Ogre::TRect<float>' needs to have dll-interface to be used by clients of class 'Ogre::OverlayElement'
     1>c:\hlocal\ig-2-ogre\ogresdk\include\ogre\overlay\OgreOverlayContainer.h(65): warning C4251: 'Ogre::OverlayContainer::mChildren' : class 'std::map<K,V,P,std::allocator<std::pair<const _Kty,_Ty>>>' needs to have dll-interface to be used by clients of class 'Ogre::OverlayContainer'
                 with
                 [
                     K=Ogre::String
         ,            V=Ogre::OverlayElement *
         ,            P=std::less<Ogre::String>
         ,            _Kty=Ogre::String
         ,            _Ty=Ogre::OverlayElement *
                 ]
     1>c:\hlocal\ig-2-ogre\ogresdk\include\ogre\overlay\OgreOverlayContainer.h(67): warning C4251: 'Ogre::OverlayContainer::mChildContainers' : class 'std::map<K,V,P,std::allocator<std::pair<const _Kty,_Ty>>>' needs to have dll-interface to be used by clients of class 'Ogre::OverlayContainer'
                 with
                 [
                     K=Ogre::String
         ,            V=Ogre::OverlayContainer *
         ,            P=std::less<Ogre::String>
         ,            _Kty=Ogre::String
         ,            _Ty=Ogre::OverlayContainer *
                 ]
     1>c:\hlocal\ig-2-ogre\ogresdk\include\ogre\overlay\OgrePanelOverlayElement.h(142): warning C4251: 'Ogre::PanelOverlayElement::mRenderOp' : class 'Ogre::RenderOperation' needs to have dll-interface to be used by clients of class 'Ogre::PanelOverlayElement'
                 c:\hlocal\ig-2-ogre\ogresdk\include\ogre\OgreRenderOperation.h(45) : see declaration of 'Ogre::RenderOperation'
     1>c:\hlocal\ig-2-ogre\ogresdk\include\ogre\overlay\OgrePanelOverlayElement.h(153): warning C4251: 'Ogre::PanelOverlayElement::msTypeName' : class 'std::basic_string<char,std::char_traits<char>,std::allocator<char>>' needs to have dll-interface to be used by clients of class 'Ogre::PanelOverlayElement'
     1>c:\hlocal\ig-2-ogre\ogresdk\include\ogre\overlay\OgrePanelOverlayElement.h(156): warning C4251: 'Ogre::PanelOverlayElement::msCmdTiling' : class 'Ogre::PanelOverlayElement::CmdTiling' needs to have dll-interface to be used by clients of class 'Ogre::PanelOverlayElement'
                 c:\hlocal\ig-2-ogre\ogresdk\include\ogre\overlay\OgrePanelOverlayElement.h(113) : see declaration of 'Ogre::PanelOverlayElement::CmdTiling'
     1>c:\hlocal\ig-2-ogre\ogresdk\include\ogre\overlay\OgrePanelOverlayElement.h(157): warning C4251: 'Ogre::PanelOverlayElement::msCmdTransparent' : class 'Ogre::PanelOverlayElement::CmdTransparent' needs to have dll-interface to be used by clients of class 'Ogre::PanelOverlayElement'
                 c:\hlocal\ig-2-ogre\ogresdk\include\ogre\overlay\OgrePanelOverlayElement.h(120) : see declaration of 'Ogre::PanelOverlayElement::CmdTransparent'
     1>c:\hlocal\ig-2-ogre\ogresdk\include\ogre\overlay\OgrePanelOverlayElement.h(158): warning C4251: 'Ogre::PanelOverlayElement::msCmdUVCoords' : class 'Ogre::PanelOverlayElement::CmdUVCoords' needs to have dll-interface to be used by clients of class 'Ogre::PanelOverlayElement'
                 c:\hlocal\ig-2-ogre\ogresdk\include\ogre\overlay\OgrePanelOverlayElement.h(127) : see declaration of 'Ogre::PanelOverlayElement::CmdUVCoords'
     1>C:\hlocal\IG-2-Ogre\OGREsdk\include\OGRE\Overlay\OgreBorderPanelOverlayElement.h(278): warning C4251: 'Ogre::BorderPanelOverlayElement::mBorderMaterial' : class 'std::shared_ptr<Ogre::Material>' needs to have dll-interface to be used by clients of class 'Ogre::BorderPanelOverlayElement'
     1>C:\hlocal\IG-2-Ogre\OGREsdk\include\OGRE\Overlay\OgreBorderPanelOverlayElement.h(281): warning C4251: 'Ogre::BorderPanelOverlayElement::mRenderOp2' : class 'Ogre::RenderOperation' needs to have dll-interface to be used by clients of class 'Ogre::BorderPanelOverlayElement'
                 c:\hlocal\ig-2-ogre\ogresdk\include\ogre\OgreRenderOperation.h(45) : see declaration of 'Ogre::RenderOperation'
     1>C:\hlocal\IG-2-Ogre\OGREsdk\include\OGRE\Overlay\OgreBorderPanelOverlayElement.h(283): warning C4251: 'Ogre::BorderPanelOverlayElement::msTypeName' : class 'std::basic_string<char,std::char_traits<char>,std::allocator<char>>' needs to have dll-interface to be used by clients of class 'Ogre::BorderPanelOverlayElement'
     1>C:\hlocal\IG-2-Ogre\OGREsdk\include\OGRE\Overlay\OgreBorderPanelOverlayElement.h(305): warning C4251: 'Ogre::BorderPanelOverlayElement::msCmdBorderSize' : class 'Ogre::BorderPanelOverlayElement::CmdBorderSize' needs to have dll-interface to be used by clients of class 'Ogre::BorderPanelOverlayElement'
                 C:\hlocal\IG-2-Ogre\OGREsdk\include\OGRE\Overlay\OgreBorderPanelOverlayElement.h(194) : see declaration of 'Ogre::BorderPanelOverlayElement::CmdBorderSize'
     1>C:\hlocal\IG-2-Ogre\OGREsdk\include\OGRE\Overlay\OgreBorderPanelOverlayElement.h(306): warning C4251: 'Ogre::BorderPanelOverlayElement::msCmdBorderMaterial' : class 'Ogre::BorderPanelOverlayElement::CmdBorderMaterial' needs to have dll-interface to be used by clients of class 'Ogre::BorderPanelOverlayElement'
                 C:\hlocal\IG-2-Ogre\OGREsdk\include\OGRE\Overlay\OgreBorderPanelOverlayElement.h(201) : see declaration of 'Ogre::BorderPanelOverlayElement::CmdBorderMaterial'
     1>C:\hlocal\IG-2-Ogre\OGREsdk\include\OGRE\Overlay\OgreBorderPanelOverlayElement.h(307): warning C4251: 'Ogre::BorderPanelOverlayElement::msCmdBorderLeftUV' : class 'Ogre::BorderPanelOverlayElement::CmdBorderLeftUV' needs to have dll-interface to be used by clients of class 'Ogre::BorderPanelOverlayElement'
                 C:\hlocal\IG-2-Ogre\OGREsdk\include\OGRE\Overlay\OgreBorderPanelOverlayElement.h(208) : see declaration of 'Ogre::BorderPanelOverlayElement::CmdBorderLeftUV'
     1>C:\hlocal\IG-2-Ogre\OGREsdk\include\OGRE\Overlay\OgreBorderPanelOverlayElement.h(308): warning C4251: 'Ogre::BorderPanelOverlayElement::msCmdBorderTopUV' : class 'Ogre::BorderPanelOverlayElement::CmdBorderTopUV' needs to have dll-interface to be used by clients of class 'Ogre::BorderPanelOverlayElement'
                 C:\hlocal\IG-2-Ogre\OGREsdk\include\OGRE\Overlay\OgreBorderPanelOverlayElement.h(215) : see declaration of 'Ogre::BorderPanelOverlayElement::CmdBorderTopUV'
     1>C:\hlocal\IG-2-Ogre\OGREsdk\include\OGRE\Overlay\OgreBorderPanelOverlayElement.h(309): warning C4251: 'Ogre::BorderPanelOverlayElement::msCmdBorderBottomUV' : class 'Ogre::BorderPanelOverlayElement::CmdBorderBottomUV' needs to have dll-interface to be used by clients of class 'Ogre::BorderPanelOverlayElement'
                 C:\hlocal\IG-2-Ogre\OGREsdk\include\OGRE\Overlay\OgreBorderPanelOverlayElement.h(229) : see declaration of 'Ogre::BorderPanelOverlayElement::CmdBorderBottomUV'
     1>C:\hlocal\IG-2-Ogre\OGREsdk\include\OGRE\Overlay\OgreBorderPanelOverlayElement.h(310): warning C4251: 'Ogre::BorderPanelOverlayElement::msCmdBorderRightUV' : class 'Ogre::BorderPanelOverlayElement::CmdBorderRightUV' needs to have dll-interface to be used by clients of class 'Ogre::BorderPanelOverlayElement'
                 C:\hlocal\IG-2-Ogre\OGREsdk\include\OGRE\Overlay\OgreBorderPanelOverlayElement.h(222) : see declaration of 'Ogre::BorderPanelOverlayElement::CmdBorderRightUV'
     1>C:\hlocal\IG-2-Ogre\OGREsdk\include\OGRE\Overlay\OgreBorderPanelOverlayElement.h(311): warning C4251: 'Ogre::BorderPanelOverlayElement::msCmdBorderTopLeftUV' : class 'Ogre::BorderPanelOverlayElement::CmdBorderTopLeftUV' needs to have dll-interface to be used by clients of class 'Ogre::BorderPanelOverlayElement'
                 C:\hlocal\IG-2-Ogre\OGREsdk\include\OGRE\Overlay\OgreBorderPanelOverlayElement.h(236) : see declaration of 'Ogre::BorderPanelOverlayElement::CmdBorderTopLeftUV'
     1>C:\hlocal\IG-2-Ogre\OGREsdk\include\OGRE\Overlay\OgreBorderPanelOverlayElement.h(312): warning C4251: 'Ogre::BorderPanelOverlayElement::msCmdBorderBottomLeftUV' : class 'Ogre::BorderPanelOverlayElement::CmdBorderBottomLeftUV' needs to have dll-interface to be used by clients of class 'Ogre::BorderPanelOverlayElement'
                 C:\hlocal\IG-2-Ogre\OGREsdk\include\OGRE\Overlay\OgreBorderPanelOverlayElement.h(243) : see declaration of 'Ogre::BorderPanelOverlayElement::CmdBorderBottomLeftUV'
     1>C:\hlocal\IG-2-Ogre\OGREsdk\include\OGRE\Overlay\OgreBorderPanelOverlayElement.h(313): warning C4251: 'Ogre::BorderPanelOverlayElement::msCmdBorderTopRightUV' : class 'Ogre::BorderPanelOverlayElement::CmdBorderTopRightUV' needs to have dll-interface to be used by clients of class 'Ogre::BorderPanelOverlayElement'
                 C:\hlocal\IG-2-Ogre\OGREsdk\include\OGRE\Overlay\OgreBorderPanelOverlayElement.h(257) : see declaration of 'Ogre::BorderPanelOverlayElement::CmdBorderTopRightUV'
     1>C:\hlocal\IG-2-Ogre\OGREsdk\include\OGRE\Overlay\OgreBorderPanelOverlayElement.h(314): warning C4251: 'Ogre::BorderPanelOverlayElement::msCmdBorderBottomRightUV' : class 'Ogre::BorderPanelOverlayElement::CmdBorderBottomRightUV' needs to have dll-interface to be used by clients of class 'Ogre::BorderPanelOverlayElement'
                 C:\hlocal\IG-2-Ogre\OGREsdk\include\OGRE\Overlay\OgreBorderPanelOverlayElement.h(250) : see declaration of 'Ogre::BorderPanelOverlayElement::CmdBorderBottomRightUV'
     1>c:\hlocal\ig-2-ogre\ogresdk\include\ogre\overlay\OgreFont.h(123): warning C4251: 'Ogre::Font::mSource' : class 'std::basic_string<char,std::char_traits<char>,std::allocator<char>>' needs to have dll-interface to be used by clients of class 'Ogre::Font'
     1>c:\hlocal\ig-2-ogre\ogresdk\include\ogre\overlay\OgreFont.h(159): warning C4251: 'Ogre::Font::mCodePointMap' : class 'std::map<K,V,P,std::allocator<std::pair<const _Kty,_Ty>>>' needs to have dll-interface to be used by clients of class 'Ogre::Font'
                 with
                 [
                     K=Ogre::Font::CodePoint
         ,            V=Ogre::Font::GlyphInfo
         ,            P=std::less<size_t>
         ,            _Kty=Ogre::Font::CodePoint
         ,            _Ty=Ogre::Font::GlyphInfo
                 ]
     1>c:\hlocal\ig-2-ogre\ogresdk\include\ogre\overlay\OgreFont.h(162): warning C4251: 'Ogre::Font::mMaterial' : class 'std::shared_ptr<Ogre::Material>' needs to have dll-interface to be used by clients of class 'Ogre::Font'
     1>c:\hlocal\ig-2-ogre\ogresdk\include\ogre\overlay\OgreFont.h(165): warning C4251: 'Ogre::Font::mTexture' : class 'std::shared_ptr<Ogre::Texture>' needs to have dll-interface to be used by clients of class 'Ogre::Font'
     1>c:\hlocal\ig-2-ogre\ogresdk\include\ogre\overlay\OgreFont.h(171): warning C4251: 'Ogre::Font::mCodePointRangeList' : class 'std::vector<T,std::allocator<_Ty>>' needs to have dll-interface to be used by clients of class 'Ogre::Font'
                 with
                 [
                     T=Ogre::Font::CodePointRange
         ,            _Ty=Ogre::Font::CodePointRange
                 ]
     1>C:\hlocal\IG-2-Ogre\OGREsdk\include\OGRE\Overlay\OgreTextAreaOverlayElement.h(225): warning C4251: 'Ogre::TextAreaOverlayElement::mRenderOp' : class 'Ogre::RenderOperation' needs to have dll-interface to be used by clients of class 'Ogre::TextAreaOverlayElement'
                 c:\hlocal\ig-2-ogre\ogresdk\include\ogre\OgreRenderOperation.h(45) : see declaration of 'Ogre::RenderOperation'
     1>C:\hlocal\IG-2-Ogre\OGREsdk\include\OGRE\Overlay\OgreTextAreaOverlayElement.h(230): warning C4251: 'Ogre::TextAreaOverlayElement::msTypeName' : class 'std::basic_string<char,std::char_traits<char>,std::allocator<char>>' needs to have dll-interface to be used by clients of class 'Ogre::TextAreaOverlayElement'
     1>C:\hlocal\IG-2-Ogre\OGREsdk\include\OGRE\Overlay\OgreTextAreaOverlayElement.h(233): warning C4251: 'Ogre::TextAreaOverlayElement::msCmdCharHeight' : class 'Ogre::TextAreaOverlayElement::CmdCharHeight' needs to have dll-interface to be used by clients of class 'Ogre::TextAreaOverlayElement'
                 C:\hlocal\IG-2-Ogre\OGREsdk\include\OGRE\Overlay\OgreTextAreaOverlayElement.h(150) : see declaration of 'Ogre::TextAreaOverlayElement::CmdCharHeight'
     1>C:\hlocal\IG-2-Ogre\OGREsdk\include\OGRE\Overlay\OgreTextAreaOverlayElement.h(234): warning C4251: 'Ogre::TextAreaOverlayElement::msCmdSpaceWidth' : class 'Ogre::TextAreaOverlayElement::CmdSpaceWidth' needs to have dll-interface to be used by clients of class 'Ogre::TextAreaOverlayElement'
                 C:\hlocal\IG-2-Ogre\OGREsdk\include\OGRE\Overlay\OgreTextAreaOverlayElement.h(160) : see declaration of 'Ogre::TextAreaOverlayElement::CmdSpaceWidth'
     1>C:\hlocal\IG-2-Ogre\OGREsdk\include\OGRE\Overlay\OgreTextAreaOverlayElement.h(235): warning C4251: 'Ogre::TextAreaOverlayElement::msCmdFontName' : class 'Ogre::TextAreaOverlayElement::CmdFontName' needs to have dll-interface to be used by clients of class 'Ogre::TextAreaOverlayElement'
                 C:\hlocal\IG-2-Ogre\OGREsdk\include\OGRE\Overlay\OgreTextAreaOverlayElement.h(170) : see declaration of 'Ogre::TextAreaOverlayElement::CmdFontName'
     1>C:\hlocal\IG-2-Ogre\OGREsdk\include\OGRE\Overlay\OgreTextAreaOverlayElement.h(236): warning C4251: 'Ogre::TextAreaOverlayElement::msCmdColour' : class 'Ogre::TextAreaOverlayElement::CmdColour' needs to have dll-interface to be used by clients of class 'Ogre::TextAreaOverlayElement'
                 C:\hlocal\IG-2-Ogre\OGREsdk\include\OGRE\Overlay\OgreTextAreaOverlayElement.h(200) : see declaration of 'Ogre::TextAreaOverlayElement::CmdColour'
     1>C:\hlocal\IG-2-Ogre\OGREsdk\include\OGRE\Overlay\OgreTextAreaOverlayElement.h(237): warning C4251: 'Ogre::TextAreaOverlayElement::msCmdColourTop' : class 'Ogre::TextAreaOverlayElement::CmdColourTop' needs to have dll-interface to be used by clients of class 'Ogre::TextAreaOverlayElement'
                 C:\hlocal\IG-2-Ogre\OGREsdk\include\OGRE\Overlay\OgreTextAreaOverlayElement.h(180) : see declaration of 'Ogre::TextAreaOverlayElement::CmdColourTop'
     1>C:\hlocal\IG-2-Ogre\OGREsdk\include\OGRE\Overlay\OgreTextAreaOverlayElement.h(238): warning C4251: 'Ogre::TextAreaOverlayElement::msCmdColourBottom' : class 'Ogre::TextAreaOverlayElement::CmdColourBottom' needs to have dll-interface to be used by clients of class 'Ogre::TextAreaOverlayElement'
                 C:\hlocal\IG-2-Ogre\OGREsdk\include\OGRE\Overlay\OgreTextAreaOverlayElement.h(190) : see declaration of 'Ogre::TextAreaOverlayElement::CmdColourBottom'
     1>C:\hlocal\IG-2-Ogre\OGREsdk\include\OGRE\Overlay\OgreTextAreaOverlayElement.h(239): warning C4251: 'Ogre::TextAreaOverlayElement::msCmdAlignment' : class 'Ogre::TextAreaOverlayElement::CmdAlignment' needs to have dll-interface to be used by clients of class 'Ogre::TextAreaOverlayElement'
                 C:\hlocal\IG-2-Ogre\OGREsdk\include\OGRE\Overlay\OgreTextAreaOverlayElement.h(210) : see declaration of 'Ogre::TextAreaOverlayElement::CmdAlignment'
     1>C:\hlocal\IG-2-Ogre\OGREsdk\include\OGRE\Overlay\OgreTextAreaOverlayElement.h(242): warning C4251: 'Ogre::TextAreaOverlayElement::mFont' : class 'std::shared_ptr<Ogre::Font>' needs to have dll-interface to be used by clients of class 'Ogre::TextAreaOverlayElement'
     1>C:\hlocal\IG-2-Ogre\OGREsdk\include\OGRE\Bites\OgreTrays.h(336): warning C4251: 'OgreBites::TextBox::mLines' : class 'std::vector<T,std::allocator<_Ty>>' needs to have dll-interface to be used by clients of class 'OgreBites::TextBox'
                 with
                 [
                     T=Ogre::String
         ,            _Ty=Ogre::String
                 ]
     1>C:\hlocal\IG-2-Ogre\OGREsdk\include\OGRE\Bites\OgreTrays.h(448): warning C4251: 'OgreBites::SelectMenu::mItemElements' : class 'std::vector<Ogre::BorderPanelOverlayElement *,std::allocator<_Ty>>' needs to have dll-interface to be used by clients of class 'OgreBites::SelectMenu'
                 with
                 [
                     _Ty=Ogre::BorderPanelOverlayElement *
                 ]
     1>C:\hlocal\IG-2-Ogre\OGREsdk\include\OGRE\Bites\OgreTrays.h(455): warning C4251: 'OgreBites::SelectMenu::mItems' : class 'std::vector<T,std::allocator<_Ty>>' needs to have dll-interface to be used by clients of class 'OgreBites::SelectMenu'
                 with
                 [
                     T=Ogre::String
         ,            _Ty=Ogre::String
                 ]
     1>C:\hlocal\IG-2-Ogre\OGREsdk\include\OGRE\Bites\OgreTrays.h(636): warning C4251: 'OgreBites::ParamsPanel::mNames' : class 'std::vector<T,std::allocator<_Ty>>' needs to have dll-interface to be used by clients of class 'OgreBites::ParamsPanel'
                 with
                 [
                     T=Ogre::String
         ,            _Ty=Ogre::String
                 ]
     1>C:\hlocal\IG-2-Ogre\OGREsdk\include\OGRE\Bites\OgreTrays.h(637): warning C4251: 'OgreBites::ParamsPanel::mValues' : class 'std::vector<T,std::allocator<_Ty>>' needs to have dll-interface to be used by clients of class 'OgreBites::ParamsPanel'
                 with
                 [
                     T=Ogre::String
         ,            _Ty=Ogre::String
                 ]
     1>C:\hlocal\IG-2-Ogre\OGREsdk\include\OGRE\Bites\OgreTrays.h(1190): warning C4251: 'OgreBites::TrayManager::mName' : class 'std::basic_string<char,std::char_traits<char>,std::allocator<char>>' needs to have dll-interface to be used by clients of class 'OgreBites::TrayManager'
     1>C:\hlocal\IG-2-Ogre\OGREsdk\include\OGRE\Bites\OgreTrays.h(1198): warning C4251: 'OgreBites::TrayManager::mWidgets' : class 'std::vector<OgreBites::Widget *,std::allocator<_Ty>>' needs to have dll-interface to be used by clients of class 'OgreBites::TrayManager'
                 with
                 [
                     _Ty=OgreBites::Widget *
                 ]
     1>C:\hlocal\IG-2-Ogre\OGREsdk\include\OGRE\Bites\OgreTrays.h(1199): warning C4251: 'OgreBites::TrayManager::mWidgetDeathRow' : class 'std::vector<OgreBites::Widget *,std::allocator<_Ty>>' needs to have dll-interface to be used by clients of class 'OgreBites::TrayManager'
                 with
                 [
                     _Ty=OgreBites::Widget *
                 ]
     1>c:\hlocal\ig-2-ogre\holaogre\sinbad.h(14): warning C4373: 'sinbad::interactua': virtual function overrides 'ObjectMan::interactua', previous versions of the compiler did not override when parameters only differed by const/volatile qualifiers
                 c:\hlocal\ig-2-ogre\holaogre\ObjectMan.h(34) : see declaration of 'ObjectMan::interactua'
     1>HolaApp.cpp(15): warning C4018: '<' : signed/unsigned mismatch
     1>HolaApp.cpp(84): warning C4018: '<' : signed/unsigned mismatch
       Link:
         C:\software\programacion\MSVStudio2013\VC\bin\link.exe /ERRORREPORT:PROMPT /OUT:"C:\hlocal\IG-2-Ogre\bin\HolaOGRERelease.exe" /NOLOGO OgreMain.lib OgreBites.lib OgreRTShaderSystem.lib OgreOverlay.lib SDL2.lib SDL2main.lib kernel32.lib user32.lib gdi32.lib winspool.lib comdlg32.lib advapi32.lib shell32.lib ole32.lib oleaut32.lib uuid.lib odbc32.lib odbccp32.lib /MANIFEST /MANIFESTUAC:"level='asInvoker' uiAccess='false'" /manifest:embed /DEBUG /PDB:"C:\hlocal\IG-2-Ogre\bin\HolaOGRERelease.pdb" /SUBSYSTEM:CONSOLE /OPT:REF /OPT:ICF /TLBID:1 /DYNAMICBASE /NXCOMPAT /IMPLIB:"C:\hlocal\IG-2-Ogre\bin\HolaOGRERelease.lib" /MACHINE:X86 /SAFESEH Release\BombMan.obj
         Release\HolaApp.obj
         Release\KnotFly.obj
         Release\main.obj
         Release\MyApplicationContext.obj
         Release\ObjectMan.obj
         Release\PanelMan.obj
         Release\RenderTargetListener.obj
         Release\sinbad.obj
     1>SDL2main.lib(SDL_windows_main.obj) : warning LNK4099: PDB 'vc120.pdb' was not found with 'SDL2main.lib(SDL_windows_main.obj)' or at 'C:\hlocal\IG-2-Ogre\bin\vc120.pdb'; linking object as if no debug info
         HolaOGRE.vcxproj -> C:\hlocal\IG-2-Ogre\bin\HolaOGRERelease.exe
     1>Done Building Project "C:\hlocal\IG-2-Ogre\HolaOGRE\HolaOGRE.vcxproj" (Build target(s)).

Build succeeded.

Time Elapsed 00:00:04.64
